#
# There is insufficient memory for the Java Runtime Environment to continue.
# Native memory allocation (malloc) failed to allocate 324816 bytes for Chunk::new
# Possible reasons:
#   The system is out of physical RAM or swap space
#   The process is running with CompressedOops enabled, and the Java Heap may be blocking the growth of the native heap
# Possible solutions:
#   Reduce memory load on the system
#   Increase physical memory or swap space
#   Check if swap backing store is full
#   Decrease Java heap size (-Xmx/-Xms)
#   Decrease number of Java threads
#   Decrease Java thread stack sizes (-Xss)
#   Set larger code cache with -XX:ReservedCodeCacheSize=
#   JVM is running with Zero Based Compressed Oops mode in which the Java heap is
#     placed in the first 32GB address space. The Java Heap base address is the
#     maximum limit for the native heap growth. Please use -XX:HeapBaseMinAddress
#     to set the Java Heap base and to place the Java Heap above 32GB virtual address.
# This output file may be truncated or incomplete.
#
#  Out of Memory Error (arena.cpp:189), pid=19120, tid=25176
#
# JRE version: Java(TM) SE Runtime Environment (17.0.8+9) (build 17.0.8+9-LTS-211)
# Java VM: Java HotSpot(TM) 64-Bit Server VM (17.0.8+9-LTS-211, mixed mode, sharing, tiered, compressed oops, compressed class ptrs, g1 gc, windows-amd64)
# No core dump will be written. Minidumps are not enabled by default on client versions of Windows
#

---------------  S U M M A R Y ------------

Command Line: -Dfile.encoding=windows-1252 -Duser.country=AR -Duser.language=es -Duser.variant com.example.buensaborback.BuenSaborBackApplication

Host: AMD Ryzen 5 5600G with Radeon Graphics         , 12 cores, 15G,  Windows 10 , 64 bit Build 19041 (10.0.19041.3636)
Time: Thu May  2 17:31:55 2024 Hora estándar de Argentina elapsed time: 0.590156 seconds (0d 0h 0m 0s)

---------------  T H R E A D  ---------------

Current thread (0x000002039abad5a0):  JavaThread "C2 CompilerThread0" daemon [_thread_in_native, id=25176, stack(0x000000951b900000,0x000000951ba00000)]


Current CompileTask:
C2:    590 1473   !   4       java.net.URL::<init> (543 bytes)

Stack: [0x000000951b900000,0x000000951ba00000]
Native frames: (J=compiled Java code, j=interpreted, Vv=VM code, C=native code)
V  [jvm.dll+0x677d0a]
V  [jvm.dll+0x7d8c54]
V  [jvm.dll+0x7da3fe]
V  [jvm.dll+0x7daa63]
V  [jvm.dll+0x245c5f]
V  [jvm.dll+0xaaa6b]
V  [jvm.dll+0xab00c]
V  [jvm.dll+0x2ab5cf]
V  [jvm.dll+0x580435]
V  [jvm.dll+0x220b22]
V  [jvm.dll+0x220eff]
V  [jvm.dll+0x219e56]
V  [jvm.dll+0x217329]
V  [jvm.dll+0x1a3af0]
V  [jvm.dll+0x2270be]
V  [jvm.dll+0x22535b]
V  [jvm.dll+0x78e7bc]
V  [jvm.dll+0x788bba]
V  [jvm.dll+0x676b35]
C  [ucrtbase.dll+0x21bb2]
C  [KERNEL32.DLL+0x17344]
C  [ntdll.dll+0x526b1]


---------------  P R O C E S S  ---------------

Threads class SMR info:
_java_thread_list=0x00000203e0bd2570, length=14, elements={
0x00000203f58c3d30, 0x000002039aa54f10, 0x000002039aa55d80, 0x000002039aa6add0,
0x000002039aa6c990, 0x000002039aa6d440, 0x000002039aa6ddf0, 0x000002039abad5a0,
0x000002039abadb60, 0x000002039abb0d50, 0x000002039ace5c10, 0x000002039ad10d60,
0x000002039ad0eb70, 0x00000203e0727060
}

Java Threads: ( => current thread )
  0x00000203f58c3d30 JavaThread "main" [_thread_in_Java, id=16852, stack(0x000000951ac00000,0x000000951ad00000)]
  0x000002039aa54f10 JavaThread "Reference Handler" daemon [_thread_blocked, id=20616, stack(0x000000951b300000,0x000000951b400000)]
  0x000002039aa55d80 JavaThread "Finalizer" daemon [_thread_blocked, id=23820, stack(0x000000951b400000,0x000000951b500000)]
  0x000002039aa6add0 JavaThread "Signal Dispatcher" daemon [_thread_blocked, id=22844, stack(0x000000951b500000,0x000000951b600000)]
  0x000002039aa6c990 JavaThread "Attach Listener" daemon [_thread_blocked, id=24488, stack(0x000000951b600000,0x000000951b700000)]
  0x000002039aa6d440 JavaThread "Service Thread" daemon [_thread_blocked, id=24828, stack(0x000000951b700000,0x000000951b800000)]
  0x000002039aa6ddf0 JavaThread "Monitor Deflation Thread" daemon [_thread_blocked, id=24692, stack(0x000000951b800000,0x000000951b900000)]
=>0x000002039abad5a0 JavaThread "C2 CompilerThread0" daemon [_thread_in_native, id=25176, stack(0x000000951b900000,0x000000951ba00000)]
  0x000002039abadb60 JavaThread "C1 CompilerThread0" daemon [_thread_in_native, id=24492, stack(0x000000951ba00000,0x000000951bb00000)]
  0x000002039abb0d50 JavaThread "Sweeper thread" daemon [_thread_blocked, id=11740, stack(0x000000951bb00000,0x000000951bc00000)]
  0x000002039ace5c10 JavaThread "Notification Thread" daemon [_thread_blocked, id=25124, stack(0x000000951bc00000,0x000000951bd00000)]
  0x000002039ad10d60 JavaThread "Common-Cleaner" daemon [_thread_blocked, id=22720, stack(0x000000951be00000,0x000000951bf00000)]
  0x000002039ad0eb70 JavaThread "C2 CompilerThread1" daemon [_thread_blocked, id=744, stack(0x000000951bf00000,0x000000951c000000)]
  0x00000203e0727060 JavaThread "background-preinit" [_thread_in_Java, id=24096, stack(0x000000951c500000,0x000000951c600000)]

Other Threads:
  0x000002039aa50310 VMThread "VM Thread" [stack: 0x000000951b200000,0x000000951b300000] [id=24736]
  0x000002039ad08710 WatcherThread [stack: 0x000000951bd00000,0x000000951be00000] [id=24804]
  0x00000203f592f690 GCTaskThread "GC Thread#0" [stack: 0x000000951ad00000,0x000000951ae00000] [id=22140]
  0x00000203e038f620 GCTaskThread "GC Thread#1" [stack: 0x000000951c000000,0x000000951c100000] [id=17440]
  0x00000203e038f0c0 GCTaskThread "GC Thread#2" [stack: 0x000000951c100000,0x000000951c200000] [id=10844]
  0x00000203e038e350 GCTaskThread "GC Thread#3" [stack: 0x000000951c200000,0x000000951c300000] [id=19680]
  0x00000203e038f8d0 GCTaskThread "GC Thread#4" [stack: 0x000000951c300000,0x000000951c400000] [id=6684]
  0x00000203e038e0a0 GCTaskThread "GC Thread#5" [stack: 0x000000951c400000,0x000000951c500000] [id=25572]
  0x00000203f59403d0 ConcurrentGCThread "G1 Main Marker" [stack: 0x000000951ae00000,0x000000951af00000] [id=22208]
  0x00000203f5941580 ConcurrentGCThread "G1 Conc#0" [stack: 0x000000951af00000,0x000000951b000000] [id=6064]
  0x00000203f598d420 ConcurrentGCThread "G1 Refine#0" [stack: 0x000000951b000000,0x000000951b100000] [id=24628]
  0x00000203f598de40 ConcurrentGCThread "G1 Service" [stack: 0x000000951b100000,0x000000951b200000] [id=21888]

Threads with active compile tasks:
C2 CompilerThread0      600 1473   !   4       java.net.URL::<init> (543 bytes)
C1 CompilerThread0      600 1492       3       jdk.internal.org.objectweb.asm.ClassWriter::toByteArray (1515 bytes)

VM state: not at safepoint (normal execution)

VM Mutex/Monitor currently owned by a thread: None

Heap address: 0x0000000702000000, size: 4064 MB, Compressed Oops mode: Zero based, Oop shift amount: 3

CDS archive(s) mapped at: [0x000002039b000000-0x000002039bbd0000-0x000002039bbd0000), size 12386304, SharedBaseAddress: 0x000002039b000000, ArchiveRelocationMode: 1.
Compressed class space mapped at: 0x000002039c000000-0x00000203dc000000, reserved size: 1073741824
Narrow klass base: 0x000002039b000000, Narrow klass shift: 0, Narrow klass range: 0x100000000

GC Precious Log:
 CPUs: 12 total, 12 available
 Memory: 16253M
 Large Page Support: Disabled
 NUMA Support: Disabled
 Compressed Oops: Enabled (Zero based)
 Heap Region Size: 2M
 Heap Min Capacity: 8M
 Heap Initial Capacity: 254M
 Heap Max Capacity: 4064M
 Pre-touch: Disabled
 Parallel Workers: 10
 Concurrent Workers: 3
 Concurrent Refinement Workers: 10
 Periodic GC: Disabled

Heap:
 garbage-first heap   total 260096K, used 25185K [0x0000000702000000, 0x0000000800000000)
  region size 2048K, 12 young (24576K), 2 survivors (4096K)
 Metaspace       used 10134K, committed 10368K, reserved 1114112K
  class space    used 1235K, committed 1344K, reserved 1048576K

Heap Regions: E=young(eden), S=young(survivor), O=old, HS=humongous(starts), HC=humongous(continues), CS=collection set, F=free, OA=open archive, CA=closed archive, TAMS=top-at-mark-start (previous, next)
|   0|0x0000000702000000, 0x0000000702200000, 0x0000000702200000|100%| O|  |TAMS 0x0000000702000000, 0x0000000702000000| Untracked 
|   1|0x0000000702200000, 0x0000000702298400, 0x0000000702400000| 29%| O|  |TAMS 0x0000000702200000, 0x0000000702200000| Untracked 
|   2|0x0000000702400000, 0x0000000702400000, 0x0000000702600000|  0%| F|  |TAMS 0x0000000702400000, 0x0000000702400000| Untracked 
|   3|0x0000000702600000, 0x0000000702600000, 0x0000000702800000|  0%| F|  |TAMS 0x0000000702600000, 0x0000000702600000| Untracked 
|   4|0x0000000702800000, 0x0000000702800000, 0x0000000702a00000|  0%| F|  |TAMS 0x0000000702800000, 0x0000000702800000| Untracked 
|   5|0x0000000702a00000, 0x0000000702a00000, 0x0000000702c00000|  0%| F|  |TAMS 0x0000000702a00000, 0x0000000702a00000| Untracked 
|   6|0x0000000702c00000, 0x0000000702c00000, 0x0000000702e00000|  0%| F|  |TAMS 0x0000000702c00000, 0x0000000702c00000| Untracked 
|   7|0x0000000702e00000, 0x0000000702e00000, 0x0000000703000000|  0%| F|  |TAMS 0x0000000702e00000, 0x0000000702e00000| Untracked 
|   8|0x0000000703000000, 0x0000000703000000, 0x0000000703200000|  0%| F|  |TAMS 0x0000000703000000, 0x0000000703000000| Untracked 
|   9|0x0000000703200000, 0x0000000703200000, 0x0000000703400000|  0%| F|  |TAMS 0x0000000703200000, 0x0000000703200000| Untracked 
|  10|0x0000000703400000, 0x0000000703400000, 0x0000000703600000|  0%| F|  |TAMS 0x0000000703400000, 0x0000000703400000| Untracked 
|  11|0x0000000703600000, 0x0000000703600000, 0x0000000703800000|  0%| F|  |TAMS 0x0000000703600000, 0x0000000703600000| Untracked 
|  12|0x0000000703800000, 0x0000000703800000, 0x0000000703a00000|  0%| F|  |TAMS 0x0000000703800000, 0x0000000703800000| Untracked 
|  13|0x0000000703a00000, 0x0000000703a00000, 0x0000000703c00000|  0%| F|  |TAMS 0x0000000703a00000, 0x0000000703a00000| Untracked 
|  14|0x0000000703c00000, 0x0000000703c00000, 0x0000000703e00000|  0%| F|  |TAMS 0x0000000703c00000, 0x0000000703c00000| Untracked 
|  15|0x0000000703e00000, 0x0000000703e00000, 0x0000000704000000|  0%| F|  |TAMS 0x0000000703e00000, 0x0000000703e00000| Untracked 
|  16|0x0000000704000000, 0x0000000704000000, 0x0000000704200000|  0%| F|  |TAMS 0x0000000704000000, 0x0000000704000000| Untracked 
|  17|0x0000000704200000, 0x0000000704200000, 0x0000000704400000|  0%| F|  |TAMS 0x0000000704200000, 0x0000000704200000| Untracked 
|  18|0x0000000704400000, 0x0000000704400000, 0x0000000704600000|  0%| F|  |TAMS 0x0000000704400000, 0x0000000704400000| Untracked 
|  19|0x0000000704600000, 0x0000000704600000, 0x0000000704800000|  0%| F|  |TAMS 0x0000000704600000, 0x0000000704600000| Untracked 
|  20|0x0000000704800000, 0x0000000704800000, 0x0000000704a00000|  0%| F|  |TAMS 0x0000000704800000, 0x0000000704800000| Untracked 
|  21|0x0000000704a00000, 0x0000000704a00000, 0x0000000704c00000|  0%| F|  |TAMS 0x0000000704a00000, 0x0000000704a00000| Untracked 
|  22|0x0000000704c00000, 0x0000000704c00000, 0x0000000704e00000|  0%| F|  |TAMS 0x0000000704c00000, 0x0000000704c00000| Untracked 
|  23|0x0000000704e00000, 0x0000000704e00000, 0x0000000705000000|  0%| F|  |TAMS 0x0000000704e00000, 0x0000000704e00000| Untracked 
|  24|0x0000000705000000, 0x0000000705000000, 0x0000000705200000|  0%| F|  |TAMS 0x0000000705000000, 0x0000000705000000| Untracked 
|  25|0x0000000705200000, 0x0000000705200000, 0x0000000705400000|  0%| F|  |TAMS 0x0000000705200000, 0x0000000705200000| Untracked 
|  26|0x0000000705400000, 0x0000000705400000, 0x0000000705600000|  0%| F|  |TAMS 0x0000000705400000, 0x0000000705400000| Untracked 
|  27|0x0000000705600000, 0x0000000705600000, 0x0000000705800000|  0%| F|  |TAMS 0x0000000705600000, 0x0000000705600000| Untracked 
|  28|0x0000000705800000, 0x0000000705800000, 0x0000000705a00000|  0%| F|  |TAMS 0x0000000705800000, 0x0000000705800000| Untracked 
|  29|0x0000000705a00000, 0x0000000705a00000, 0x0000000705c00000|  0%| F|  |TAMS 0x0000000705a00000, 0x0000000705a00000| Untracked 
|  30|0x0000000705c00000, 0x0000000705c00000, 0x0000000705e00000|  0%| F|  |TAMS 0x0000000705c00000, 0x0000000705c00000| Untracked 
|  31|0x0000000705e00000, 0x0000000705e00000, 0x0000000706000000|  0%| F|  |TAMS 0x0000000705e00000, 0x0000000705e00000| Untracked 
|  32|0x0000000706000000, 0x0000000706000000, 0x0000000706200000|  0%| F|  |TAMS 0x0000000706000000, 0x0000000706000000| Untracked 
|  33|0x0000000706200000, 0x0000000706200000, 0x0000000706400000|  0%| F|  |TAMS 0x0000000706200000, 0x0000000706200000| Untracked 
|  34|0x0000000706400000, 0x0000000706400000, 0x0000000706600000|  0%| F|  |TAMS 0x0000000706400000, 0x0000000706400000| Untracked 
|  35|0x0000000706600000, 0x0000000706600000, 0x0000000706800000|  0%| F|  |TAMS 0x0000000706600000, 0x0000000706600000| Untracked 
|  36|0x0000000706800000, 0x0000000706800000, 0x0000000706a00000|  0%| F|  |TAMS 0x0000000706800000, 0x0000000706800000| Untracked 
|  37|0x0000000706a00000, 0x0000000706a00000, 0x0000000706c00000|  0%| F|  |TAMS 0x0000000706a00000, 0x0000000706a00000| Untracked 
|  38|0x0000000706c00000, 0x0000000706c00000, 0x0000000706e00000|  0%| F|  |TAMS 0x0000000706c00000, 0x0000000706c00000| Untracked 
|  39|0x0000000706e00000, 0x0000000706e00000, 0x0000000707000000|  0%| F|  |TAMS 0x0000000706e00000, 0x0000000706e00000| Untracked 
|  40|0x0000000707000000, 0x0000000707000000, 0x0000000707200000|  0%| F|  |TAMS 0x0000000707000000, 0x0000000707000000| Untracked 
|  41|0x0000000707200000, 0x0000000707200000, 0x0000000707400000|  0%| F|  |TAMS 0x0000000707200000, 0x0000000707200000| Untracked 
|  42|0x0000000707400000, 0x0000000707400000, 0x0000000707600000|  0%| F|  |TAMS 0x0000000707400000, 0x0000000707400000| Untracked 
|  43|0x0000000707600000, 0x0000000707600000, 0x0000000707800000|  0%| F|  |TAMS 0x0000000707600000, 0x0000000707600000| Untracked 
|  44|0x0000000707800000, 0x0000000707800000, 0x0000000707a00000|  0%| F|  |TAMS 0x0000000707800000, 0x0000000707800000| Untracked 
|  45|0x0000000707a00000, 0x0000000707a00000, 0x0000000707c00000|  0%| F|  |TAMS 0x0000000707a00000, 0x0000000707a00000| Untracked 
|  46|0x0000000707c00000, 0x0000000707c00000, 0x0000000707e00000|  0%| F|  |TAMS 0x0000000707c00000, 0x0000000707c00000| Untracked 
|  47|0x0000000707e00000, 0x0000000707e00000, 0x0000000708000000|  0%| F|  |TAMS 0x0000000707e00000, 0x0000000707e00000| Untracked 
|  48|0x0000000708000000, 0x0000000708000000, 0x0000000708200000|  0%| F|  |TAMS 0x0000000708000000, 0x0000000708000000| Untracked 
|  49|0x0000000708200000, 0x0000000708200000, 0x0000000708400000|  0%| F|  |TAMS 0x0000000708200000, 0x0000000708200000| Untracked 
|  50|0x0000000708400000, 0x0000000708400000, 0x0000000708600000|  0%| F|  |TAMS 0x0000000708400000, 0x0000000708400000| Untracked 
|  51|0x0000000708600000, 0x0000000708600000, 0x0000000708800000|  0%| F|  |TAMS 0x0000000708600000, 0x0000000708600000| Untracked 
|  52|0x0000000708800000, 0x0000000708800000, 0x0000000708a00000|  0%| F|  |TAMS 0x0000000708800000, 0x0000000708800000| Untracked 
|  53|0x0000000708a00000, 0x0000000708a00000, 0x0000000708c00000|  0%| F|  |TAMS 0x0000000708a00000, 0x0000000708a00000| Untracked 
|  54|0x0000000708c00000, 0x0000000708c00000, 0x0000000708e00000|  0%| F|  |TAMS 0x0000000708c00000, 0x0000000708c00000| Untracked 
|  55|0x0000000708e00000, 0x0000000708e00000, 0x0000000709000000|  0%| F|  |TAMS 0x0000000708e00000, 0x0000000708e00000| Untracked 
|  56|0x0000000709000000, 0x0000000709000000, 0x0000000709200000|  0%| F|  |TAMS 0x0000000709000000, 0x0000000709000000| Untracked 
|  57|0x0000000709200000, 0x0000000709200000, 0x0000000709400000|  0%| F|  |TAMS 0x0000000709200000, 0x0000000709200000| Untracked 
|  58|0x0000000709400000, 0x0000000709400000, 0x0000000709600000|  0%| F|  |TAMS 0x0000000709400000, 0x0000000709400000| Untracked 
|  59|0x0000000709600000, 0x0000000709600000, 0x0000000709800000|  0%| F|  |TAMS 0x0000000709600000, 0x0000000709600000| Untracked 
|  60|0x0000000709800000, 0x0000000709800000, 0x0000000709a00000|  0%| F|  |TAMS 0x0000000709800000, 0x0000000709800000| Untracked 
|  61|0x0000000709a00000, 0x0000000709a00000, 0x0000000709c00000|  0%| F|  |TAMS 0x0000000709a00000, 0x0000000709a00000| Untracked 
|  62|0x0000000709c00000, 0x0000000709c00000, 0x0000000709e00000|  0%| F|  |TAMS 0x0000000709c00000, 0x0000000709c00000| Untracked 
|  63|0x0000000709e00000, 0x0000000709e00000, 0x000000070a000000|  0%| F|  |TAMS 0x0000000709e00000, 0x0000000709e00000| Untracked 
|  64|0x000000070a000000, 0x000000070a000000, 0x000000070a200000|  0%| F|  |TAMS 0x000000070a000000, 0x000000070a000000| Untracked 
|  65|0x000000070a200000, 0x000000070a200000, 0x000000070a400000|  0%| F|  |TAMS 0x000000070a200000, 0x000000070a200000| Untracked 
|  66|0x000000070a400000, 0x000000070a400000, 0x000000070a600000|  0%| F|  |TAMS 0x000000070a400000, 0x000000070a400000| Untracked 
|  67|0x000000070a600000, 0x000000070a600000, 0x000000070a800000|  0%| F|  |TAMS 0x000000070a600000, 0x000000070a600000| Untracked 
|  68|0x000000070a800000, 0x000000070a800000, 0x000000070aa00000|  0%| F|  |TAMS 0x000000070a800000, 0x000000070a800000| Untracked 
|  69|0x000000070aa00000, 0x000000070aa00000, 0x000000070ac00000|  0%| F|  |TAMS 0x000000070aa00000, 0x000000070aa00000| Untracked 
|  70|0x000000070ac00000, 0x000000070ac00000, 0x000000070ae00000|  0%| F|  |TAMS 0x000000070ac00000, 0x000000070ac00000| Untracked 
|  71|0x000000070ae00000, 0x000000070ae00000, 0x000000070b000000|  0%| F|  |TAMS 0x000000070ae00000, 0x000000070ae00000| Untracked 
|  72|0x000000070b000000, 0x000000070b000000, 0x000000070b200000|  0%| F|  |TAMS 0x000000070b000000, 0x000000070b000000| Untracked 
|  73|0x000000070b200000, 0x000000070b200000, 0x000000070b400000|  0%| F|  |TAMS 0x000000070b200000, 0x000000070b200000| Untracked 
|  74|0x000000070b400000, 0x000000070b400000, 0x000000070b600000|  0%| F|  |TAMS 0x000000070b400000, 0x000000070b400000| Untracked 
|  75|0x000000070b600000, 0x000000070b600000, 0x000000070b800000|  0%| F|  |TAMS 0x000000070b600000, 0x000000070b600000| Untracked 
|  76|0x000000070b800000, 0x000000070b800000, 0x000000070ba00000|  0%| F|  |TAMS 0x000000070b800000, 0x000000070b800000| Untracked 
|  77|0x000000070ba00000, 0x000000070ba00000, 0x000000070bc00000|  0%| F|  |TAMS 0x000000070ba00000, 0x000000070ba00000| Untracked 
|  78|0x000000070bc00000, 0x000000070bc00000, 0x000000070be00000|  0%| F|  |TAMS 0x000000070bc00000, 0x000000070bc00000| Untracked 
|  79|0x000000070be00000, 0x000000070be00000, 0x000000070c000000|  0%| F|  |TAMS 0x000000070be00000, 0x000000070be00000| Untracked 
|  80|0x000000070c000000, 0x000000070c000000, 0x000000070c200000|  0%| F|  |TAMS 0x000000070c000000, 0x000000070c000000| Untracked 
|  81|0x000000070c200000, 0x000000070c200000, 0x000000070c400000|  0%| F|  |TAMS 0x000000070c200000, 0x000000070c200000| Untracked 
|  82|0x000000070c400000, 0x000000070c400000, 0x000000070c600000|  0%| F|  |TAMS 0x000000070c400000, 0x000000070c400000| Untracked 
|  83|0x000000070c600000, 0x000000070c600000, 0x000000070c800000|  0%| F|  |TAMS 0x000000070c600000, 0x000000070c600000| Untracked 
|  84|0x000000070c800000, 0x000000070c800000, 0x000000070ca00000|  0%| F|  |TAMS 0x000000070c800000, 0x000000070c800000| Untracked 
|  85|0x000000070ca00000, 0x000000070ca00000, 0x000000070cc00000|  0%| F|  |TAMS 0x000000070ca00000, 0x000000070ca00000| Untracked 
|  86|0x000000070cc00000, 0x000000070cc00000, 0x000000070ce00000|  0%| F|  |TAMS 0x000000070cc00000, 0x000000070cc00000| Untracked 
|  87|0x000000070ce00000, 0x000000070ce00000, 0x000000070d000000|  0%| F|  |TAMS 0x000000070ce00000, 0x000000070ce00000| Untracked 
|  88|0x000000070d000000, 0x000000070d000000, 0x000000070d200000|  0%| F|  |TAMS 0x000000070d000000, 0x000000070d000000| Untracked 
|  89|0x000000070d200000, 0x000000070d200000, 0x000000070d400000|  0%| F|  |TAMS 0x000000070d200000, 0x000000070d200000| Untracked 
|  90|0x000000070d400000, 0x000000070d400000, 0x000000070d600000|  0%| F|  |TAMS 0x000000070d400000, 0x000000070d400000| Untracked 
|  91|0x000000070d600000, 0x000000070d600000, 0x000000070d800000|  0%| F|  |TAMS 0x000000070d600000, 0x000000070d600000| Untracked 
|  92|0x000000070d800000, 0x000000070d800000, 0x000000070da00000|  0%| F|  |TAMS 0x000000070d800000, 0x000000070d800000| Untracked 
|  93|0x000000070da00000, 0x000000070da00000, 0x000000070dc00000|  0%| F|  |TAMS 0x000000070da00000, 0x000000070da00000| Untracked 
|  94|0x000000070dc00000, 0x000000070dc00000, 0x000000070de00000|  0%| F|  |TAMS 0x000000070dc00000, 0x000000070dc00000| Untracked 
|  95|0x000000070de00000, 0x000000070de00000, 0x000000070e000000|  0%| F|  |TAMS 0x000000070de00000, 0x000000070de00000| Untracked 
|  96|0x000000070e000000, 0x000000070e000000, 0x000000070e200000|  0%| F|  |TAMS 0x000000070e000000, 0x000000070e000000| Untracked 
|  97|0x000000070e200000, 0x000000070e200000, 0x000000070e400000|  0%| F|  |TAMS 0x000000070e200000, 0x000000070e200000| Untracked 
|  98|0x000000070e400000, 0x000000070e400000, 0x000000070e600000|  0%| F|  |TAMS 0x000000070e400000, 0x000000070e400000| Untracked 
|  99|0x000000070e600000, 0x000000070e600000, 0x000000070e800000|  0%| F|  |TAMS 0x000000070e600000, 0x000000070e600000| Untracked 
| 100|0x000000070e800000, 0x000000070e800000, 0x000000070ea00000|  0%| F|  |TAMS 0x000000070e800000, 0x000000070e800000| Untracked 
| 101|0x000000070ea00000, 0x000000070ea00000, 0x000000070ec00000|  0%| F|  |TAMS 0x000000070ea00000, 0x000000070ea00000| Untracked 
| 102|0x000000070ec00000, 0x000000070ec00000, 0x000000070ee00000|  0%| F|  |TAMS 0x000000070ec00000, 0x000000070ec00000| Untracked 
| 103|0x000000070ee00000, 0x000000070ee00000, 0x000000070f000000|  0%| F|  |TAMS 0x000000070ee00000, 0x000000070ee00000| Untracked 
| 104|0x000000070f000000, 0x000000070f000000, 0x000000070f200000|  0%| F|  |TAMS 0x000000070f000000, 0x000000070f000000| Untracked 
| 105|0x000000070f200000, 0x000000070f200000, 0x000000070f400000|  0%| F|  |TAMS 0x000000070f200000, 0x000000070f200000| Untracked 
| 106|0x000000070f400000, 0x000000070f400000, 0x000000070f600000|  0%| F|  |TAMS 0x000000070f400000, 0x000000070f400000| Untracked 
| 107|0x000000070f600000, 0x000000070f600000, 0x000000070f800000|  0%| F|  |TAMS 0x000000070f600000, 0x000000070f600000| Untracked 
| 108|0x000000070f800000, 0x000000070f800000, 0x000000070fa00000|  0%| F|  |TAMS 0x000000070f800000, 0x000000070f800000| Untracked 
| 109|0x000000070fa00000, 0x000000070fa00000, 0x000000070fc00000|  0%| F|  |TAMS 0x000000070fa00000, 0x000000070fa00000| Untracked 
| 110|0x000000070fc00000, 0x000000070fc00000, 0x000000070fe00000|  0%| F|  |TAMS 0x000000070fc00000, 0x000000070fc00000| Untracked 
| 111|0x000000070fe00000, 0x000000070fe00000, 0x0000000710000000|  0%| F|  |TAMS 0x000000070fe00000, 0x000000070fe00000| Untracked 
| 112|0x0000000710000000, 0x0000000710000000, 0x0000000710200000|  0%| F|  |TAMS 0x0000000710000000, 0x0000000710000000| Untracked 
| 113|0x0000000710200000, 0x0000000710200000, 0x0000000710400000|  0%| F|  |TAMS 0x0000000710200000, 0x0000000710200000| Untracked 
| 114|0x0000000710400000, 0x0000000710600000, 0x0000000710600000|100%| S|CS|TAMS 0x0000000710400000, 0x0000000710400000| Complete 
| 115|0x0000000710600000, 0x0000000710800000, 0x0000000710800000|100%| S|CS|TAMS 0x0000000710600000, 0x0000000710600000| Complete 
| 116|0x0000000710800000, 0x0000000710800000, 0x0000000710a00000|  0%| F|  |TAMS 0x0000000710800000, 0x0000000710800000| Untracked 
| 117|0x0000000710a00000, 0x0000000710abc208, 0x0000000710c00000| 36%| E|  |TAMS 0x0000000710a00000, 0x0000000710a00000| Complete 
| 118|0x0000000710c00000, 0x0000000710e00000, 0x0000000710e00000|100%| E|CS|TAMS 0x0000000710c00000, 0x0000000710c00000| Complete 
| 119|0x0000000710e00000, 0x0000000711000000, 0x0000000711000000|100%| E|CS|TAMS 0x0000000710e00000, 0x0000000710e00000| Complete 
| 120|0x0000000711000000, 0x0000000711200000, 0x0000000711200000|100%| E|CS|TAMS 0x0000000711000000, 0x0000000711000000| Complete 
| 121|0x0000000711200000, 0x0000000711400000, 0x0000000711400000|100%| E|CS|TAMS 0x0000000711200000, 0x0000000711200000| Complete 
| 122|0x0000000711400000, 0x0000000711600000, 0x0000000711600000|100%| E|CS|TAMS 0x0000000711400000, 0x0000000711400000| Complete 
| 123|0x0000000711600000, 0x0000000711800000, 0x0000000711800000|100%| E|CS|TAMS 0x0000000711600000, 0x0000000711600000| Complete 
| 124|0x0000000711800000, 0x0000000711a00000, 0x0000000711a00000|100%| E|CS|TAMS 0x0000000711800000, 0x0000000711800000| Complete 
| 125|0x0000000711a00000, 0x0000000711c00000, 0x0000000711c00000|100%| E|CS|TAMS 0x0000000711a00000, 0x0000000711a00000| Complete 
| 126|0x0000000711c00000, 0x0000000711e00000, 0x0000000711e00000|100%| E|CS|TAMS 0x0000000711c00000, 0x0000000711c00000| Complete 

Card table byte_map: [0x000002038f000000,0x000002038f7f0000] _byte_map_base: 0x000002038b7f0000

Marking Bits (Prev, Next): (CMBitMap*) 0x00000203f592fca0, (CMBitMap*) 0x00000203f592fce0
 Prev Bits: [0x000002038ffe0000, 0x0000020393f60000)
 Next Bits: [0x0000020393f60000, 0x0000020397ee0000)

Polling page: 0x00000203f5990000

Metaspace:

Usage:
  Non-class:      8.80 MB used.
      Class:      1.22 MB used.
       Both:     10.02 MB used.

Virtual space:
  Non-class space:       64.00 MB reserved,       8.94 MB ( 14%) committed,  1 nodes.
      Class space:        1.00 GB reserved,       1.31 MB ( <1%) committed,  1 nodes.
             Both:        1.06 GB reserved,      10.25 MB ( <1%) committed. 

Chunk freelists:
   Non-Class:  6.14 MB
       Class:  14.66 MB
        Both:  20.80 MB

MaxMetaspaceSize: unlimited
CompressedClassSpaceSize: 1.00 GB
Initial GC threshold: 21.00 MB
Current GC threshold: 21.00 MB
CDS: on
MetaspaceReclaimPolicy: balanced
 - commit_granule_bytes: 65536.
 - commit_granule_words: 8192.
 - virtual_space_node_default_size: 8388608.
 - enlarge_chunks_in_place: 1.
 - new_chunks_are_fully_committed: 0.
 - uncommit_free_chunks: 1.
 - use_allocation_guard: 0.
 - handle_deallocations: 1.


Internal statistics:

num_allocs_failed_limit: 0.
num_arena_births: 180.
num_arena_deaths: 0.
num_vsnodes_births: 2.
num_vsnodes_deaths: 0.
num_space_committed: 164.
num_space_uncommitted: 0.
num_chunks_returned_to_freelist: 0.
num_chunks_taken_from_freelist: 507.
num_chunk_merges: 0.
num_chunk_splits: 337.
num_chunks_enlarged: 259.
num_purges: 0.
num_inconsistent_stats: 0.

CodeHeap 'non-profiled nmethods': size=120000Kb used=558Kb max_used=558Kb free=119441Kb
 bounds [0x0000020387ad0000, 0x0000020387d40000, 0x000002038f000000]
CodeHeap 'profiled nmethods': size=120000Kb used=2736Kb max_used=2736Kb free=117263Kb
 bounds [0x0000020380000000, 0x00000203802b0000, 0x0000020387530000]
CodeHeap 'non-nmethods': size=5760Kb used=1162Kb max_used=1183Kb free=4597Kb
 bounds [0x0000020387530000, 0x00000203877a0000, 0x0000020387ad0000]
 total_blobs=1943 nmethods=1498 adapters=357
 compilation: enabled
              stopped_count=0, restarted_count=0
 full_count=0

Compilation events (20 events):
Event: 0.570 Thread 0x000002039abadb60 nmethod 1470 0x000002038029a410 code [0x000002038029a5e0, 0x000002038029a988]
Event: 0.573 Thread 0x000002039ad0eb70 1471       4       java.util.zip.ZipFile$Source::getEntryPos (9 bytes)
Event: 0.573 Thread 0x000002039ad0eb70 nmethod 1471 0x0000020387b59110 code [0x0000020387b59280, 0x0000020387b59338]
Event: 0.575 Thread 0x000002039ad0eb70 1472       4       java.lang.StringConcatHelper::prepend (37 bytes)
Event: 0.576 Thread 0x000002039abad5a0 1473   !   4       java.net.URL::<init> (543 bytes)
Event: 0.576 Thread 0x000002039ad0eb70 nmethod 1472 0x0000020387b59410 code [0x0000020387b595a0, 0x0000020387b59718]
Event: 0.576 Thread 0x000002039ad0eb70 1474       4       sun.net.util.IPAddressUtil::checkHostString (53 bytes)
Event: 0.577 Thread 0x000002039ad0eb70 nmethod 1474 0x0000020387b59890 code [0x0000020387b59a00, 0x0000020387b59a98]
Event: 0.580 Thread 0x000002039ad0eb70 1475       4       java.util.zip.ZipUtils::get16 (21 bytes)
Event: 0.581 Thread 0x000002039ad0eb70 nmethod 1475 0x0000020387b59c10 code [0x0000020387b59d80, 0x0000020387b59e38]
Event: 0.587 Thread 0x000002039abadb60 1476       3       java.util.LinkedHashMap::newNode (23 bytes)
Event: 0.587 Thread 0x000002039abadb60 nmethod 1476 0x000002038029ab10 code [0x000002038029ace0, 0x000002038029b108]
Event: 0.587 Thread 0x000002039abadb60 1477       3       java.util.LinkedHashMap::afterNodeInsertion (40 bytes)
Event: 0.587 Thread 0x000002039abadb60 nmethod 1477 0x000002038029b290 code [0x000002038029b460, 0x000002038029b8e8]
Event: 0.587 Thread 0x000002039abadb60 1478       1       java.lang.ClassLoader::getUnnamedModule (5 bytes)
Event: 0.587 Thread 0x000002039abadb60 nmethod 1478 0x0000020387b59f10 code [0x0000020387b5a0a0, 0x0000020387b5a178]
Event: 0.587 Thread 0x000002039abadb60 1479       3       java.nio.file.attribute.FileTime::from (18 bytes)
Event: 0.588 Thread 0x000002039abadb60 nmethod 1479 0x000002038029ba90 code [0x000002038029bc60, 0x000002038029c048]
Event: 0.588 Thread 0x000002039abadb60 1480       3       java.nio.file.attribute.FileTime::<init> (21 bytes)
Event: 0.588 Thread 0x000002039abadb60 nmethod 1480 0x000002038029c210 code [0x000002038029c3c0, 0x000002038029c5f8]

GC Heap History (2 events):
Event: 0.417 GC heap before
{Heap before GC invocations=0 (full 0):
 garbage-first heap   total 260096K, used 22528K [0x0000000702000000, 0x0000000800000000)
  region size 2048K, 11 young (22528K), 0 survivors (0K)
 Metaspace       used 5716K, committed 5888K, reserved 1114112K
  class space    used 678K, committed 768K, reserved 1048576K
}
Event: 0.419 GC heap after
{Heap after GC invocations=1 (full 0):
 garbage-first heap   total 260096K, used 6753K [0x0000000702000000, 0x0000000800000000)
  region size 2048K, 2 young (4096K), 2 survivors (4096K)
 Metaspace       used 5716K, committed 5888K, reserved 1114112K
  class space    used 678K, committed 768K, reserved 1048576K
}

Deoptimization events (20 events):
Event: 0.162 Thread 0x00000203f58c3d30 DEOPT PACKING pc=0x0000020387ae7308 sp=0x000000951acfd990
Event: 0.162 Thread 0x00000203f58c3d30 DEOPT UNPACKING pc=0x00000203875823a3 sp=0x000000951acfd8d0 mode 2
Event: 0.218 Thread 0x00000203f58c3d30 DEOPT PACKING pc=0x00000203800301be sp=0x000000951acfad10
Event: 0.218 Thread 0x00000203f58c3d30 DEOPT UNPACKING pc=0x0000020387582b43 sp=0x000000951acfa188 mode 0
Event: 0.226 Thread 0x00000203f58c3d30 DEOPT PACKING pc=0x000002038003d904 sp=0x000000951acfcc60
Event: 0.226 Thread 0x00000203f58c3d30 DEOPT UNPACKING pc=0x0000020387582b43 sp=0x000000951acfc110 mode 0
Event: 0.232 Thread 0x00000203f58c3d30 DEOPT PACKING pc=0x00000203800301be sp=0x000000951acfa3b0
Event: 0.232 Thread 0x00000203f58c3d30 DEOPT UNPACKING pc=0x0000020387582b43 sp=0x000000951acf9828 mode 0
Event: 0.503 Thread 0x00000203f58c3d30 Uncommon trap: trap_request=0xffffffc6 fr.pc=0x0000020387b3dc68 relative=0x0000000000000308
Event: 0.503 Thread 0x00000203f58c3d30 Uncommon trap: reason=bimorphic_or_optimized_type_check action=maybe_recompile pc=0x0000020387b3dc68 method=java.util.HashMap.getNode(Ljava/lang/Object;)Ljava/util/HashMap$Node; @ 63 c2
Event: 0.503 Thread 0x00000203f58c3d30 DEOPT PACKING pc=0x0000020387b3dc68 sp=0x000000951acfe930
Event: 0.503 Thread 0x00000203f58c3d30 DEOPT UNPACKING pc=0x00000203875823a3 sp=0x000000951acfe898 mode 2
Event: 0.503 Thread 0x00000203f58c3d30 Uncommon trap: trap_request=0xffffffc6 fr.pc=0x0000020387b3dc68 relative=0x0000000000000308
Event: 0.503 Thread 0x00000203f58c3d30 Uncommon trap: reason=bimorphic_or_optimized_type_check action=maybe_recompile pc=0x0000020387b3dc68 method=java.util.HashMap.getNode(Ljava/lang/Object;)Ljava/util/HashMap$Node; @ 63 c2
Event: 0.503 Thread 0x00000203f58c3d30 DEOPT PACKING pc=0x0000020387b3dc68 sp=0x000000951acfe930
Event: 0.503 Thread 0x00000203f58c3d30 DEOPT UNPACKING pc=0x00000203875823a3 sp=0x000000951acfe898 mode 2
Event: 0.506 Thread 0x00000203f58c3d30 Uncommon trap: trap_request=0xffffffc6 fr.pc=0x0000020387b3dc68 relative=0x0000000000000308
Event: 0.506 Thread 0x00000203f58c3d30 Uncommon trap: reason=bimorphic_or_optimized_type_check action=maybe_recompile pc=0x0000020387b3dc68 method=java.util.HashMap.getNode(Ljava/lang/Object;)Ljava/util/HashMap$Node; @ 63 c2
Event: 0.506 Thread 0x00000203f58c3d30 DEOPT PACKING pc=0x0000020387b3dc68 sp=0x000000951acfe930
Event: 0.506 Thread 0x00000203f58c3d30 DEOPT UNPACKING pc=0x00000203875823a3 sp=0x000000951acfe898 mode 2

Classes unloaded (0 events):
No events

Classes redefined (0 events):
No events

Internal exceptions (20 events):
Event: 0.444 Thread 0x00000203f58c3d30 Exception <a 'java/lang/NoSuchMethodError'{0x0000000711a3d548}: 'java.lang.Object java.lang.invoke.DirectMethodHandle$Holder.invokeSpecial(java.lang.Object, java.lang.Object, java.lang.Object, java.lang.Object, java.lang.Object, java.lang.Object, java.lang.Object, int)'> (0x0000000711a3d548) 
thrown [s\open\src\hotspot\share\interpreter\linkResolver.cpp, line 759]
Event: 0.463 Thread 0x00000203f58c3d30 Exception <a 'java/lang/NoSuchMethodError'{0x0000000711b7aae8}: 'int java.lang.invoke.DirectMethodHandle$Holder.invokeInterface(java.lang.Object, java.lang.Object)'> (0x0000000711b7aae8) 
thrown [s\open\src\hotspot\share\interpreter\linkResolver.cpp, line 759]
Event: 0.472 Thread 0x00000203f58c3d30 Exception <a 'java/lang/NoSuchMethodError'{0x0000000711bf3100}: 'int java.lang.invoke.DirectMethodHandle$Holder.invokeVirtual(java.lang.Object, java.lang.Object)'> (0x0000000711bf3100) 
thrown [s\open\src\hotspot\share\interpreter\linkResolver.cpp, line 759]
Event: 0.484 Thread 0x00000203f58c3d30 Exception <a 'java/lang/NoSuchMethodError'{0x0000000711897400}: 'java.lang.Object java.lang.invoke.DirectMethodHandle$Holder.invokeSpecial(java.lang.Object, java.lang.Object, java.lang.Object, int, java.lang.Object)'> (0x0000000711897400) 
thrown [s\open\src\hotspot\share\interpreter\linkResolver.cpp, line 759]
Event: 0.484 Thread 0x00000203f58c3d30 Exception <a 'java/lang/NoSuchMethodError'{0x000000071189fa60}: 'java.lang.Object java.lang.invoke.DirectMethodHandle$Holder.newInvokeSpecial(java.lang.Object, java.lang.Object, java.lang.Object, int, java.lang.Object)'> (0x000000071189fa60) 
thrown [s\open\src\hotspot\share\interpreter\linkResolver.cpp, line 759]
Event: 0.484 Thread 0x00000203f58c3d30 Exception <a 'java/lang/NoSuchMethodError'{0x00000007118a7430}: 'java.lang.Object java.lang.invoke.Invokers$Holder.linkToTargetMethod(java.lang.Object, java.lang.Object, int, java.lang.Object, java.lang.Object)'> (0x00000007118a7430) 
thrown [s\open\src\hotspot\share\interpreter\linkResolver.cpp, line 759]
Event: 0.485 Thread 0x00000203f58c3d30 Exception <a 'java/lang/NoSuchMethodError'{0x00000007118b6b10}: 'java.lang.Object java.lang.invoke.DirectMethodHandle$Holder.newInvokeSpecial(java.lang.Object, int, java.lang.Object)'> (0x00000007118b6b10) 
thrown [s\open\src\hotspot\share\interpreter\linkResolver.cpp, line 759]
Event: 0.485 Thread 0x00000203f58c3d30 Exception <a 'java/lang/NoSuchMethodError'{0x00000007118bb7f0}: 'int java.lang.invoke.DirectMethodHandle$Holder.invokeSpecialIFC(java.lang.Object, java.lang.Object, java.lang.Object, java.lang.Object)'> (0x00000007118bb7f0) 
thrown [s\open\src\hotspot\share\interpreter\linkResolver.cpp, line 759]
Event: 0.497 Thread 0x00000203f58c3d30 Exception <a 'java/lang/NoSuchMethodError'{0x000000071198b6f0}: 'void java.lang.invoke.DirectMethodHandle$Holder.invokeInterface(java.lang.Object, java.lang.Object, java.lang.Object)'> (0x000000071198b6f0) 
thrown [s\open\src\hotspot\share\interpreter\linkResolver.cpp, line 759]
Event: 0.509 Thread 0x00000203f58c3d30 Exception <a 'java/lang/NoSuchMethodError'{0x000000071161b178}: 'void java.lang.invoke.DirectMethodHandle$Holder.invokeStaticInit(java.lang.Object, java.lang.Object, java.lang.Object)'> (0x000000071161b178) 
thrown [s\open\src\hotspot\share\interpreter\linkResolver.cpp, line 759]
Event: 0.513 Thread 0x00000203f58c3d30 Exception <a 'java/lang/NoSuchMethodError'{0x0000000711664e30}: 'java.lang.Object java.lang.invoke.DirectMethodHandle$Holder.invokeVirtual(java.lang.Object, java.lang.Object, java.lang.Object)'> (0x0000000711664e30) 
thrown [s\open\src\hotspot\share\interpreter\linkResolver.cpp, line 759]
Event: 0.515 Thread 0x00000203f58c3d30 Exception <a 'java/lang/NoSuchMethodError'{0x00000007116873d8}: 'java.lang.Object java.lang.invoke.DirectMethodHandle$Holder.invokeStatic(java.lang.Object, java.lang.Object, long, java.lang.Object)'> (0x00000007116873d8) 
thrown [s\open\src\hotspot\share\interpreter\linkResolver.cpp, line 759]
Event: 0.516 Thread 0x00000203f58c3d30 Exception <a 'java/lang/NoSuchMethodError'{0x000000071168ae70}: 'java.lang.Object java.lang.invoke.DirectMethodHandle$Holder.invokeStaticInit(java.lang.Object, java.lang.Object, long, java.lang.Object)'> (0x000000071168ae70) 
thrown [s\open\src\hotspot\share\interpreter\linkResolver.cpp, line 759]
Event: 0.516 Thread 0x00000203f58c3d30 Exception <a 'java/lang/NoSuchMethodError'{0x00000007116915f0}: 'java.lang.Object java.lang.invoke.DirectMethodHandle$Holder.newInvokeSpecial(java.lang.Object, java.lang.Object, long)'> (0x00000007116915f0) 
thrown [s\open\src\hotspot\share\interpreter\linkResolver.cpp, line 759]
Event: 0.516 Thread 0x00000203f58c3d30 Exception <a 'java/lang/NoSuchMethodError'{0x0000000711695160}: 'java.lang.Object java.lang.invoke.Invokers$Holder.linkToTargetMethod(java.lang.Object, long, java.lang.Object)'> (0x0000000711695160) 
thrown [s\open\src\hotspot\share\interpreter\linkResolver.cpp, line 759]
Event: 0.524 Thread 0x00000203f58c3d30 Exception <a 'java/lang/NoSuchMethodError'{0x00000007116eee80}: 'void java.lang.invoke.DirectMethodHandle$Holder.invokeSpecial(java.lang.Object, java.lang.Object, java.lang.Object, java.lang.Object, java.lang.Object)'> (0x00000007116eee80) 
thrown [s\open\src\hotspot\share\interpreter\linkResolver.cpp, line 759]
Event: 0.524 Thread 0x00000203f58c3d30 Exception <a 'java/lang/NoSuchMethodError'{0x00000007116f7708}: 'void java.lang.invoke.DirectMethodHandle$Holder.invokeVirtual(java.lang.Object, java.lang.Object, java.lang.Object, java.lang.Object)'> (0x00000007116f7708) 
thrown [s\open\src\hotspot\share\interpreter\linkResolver.cpp, line 759]
Event: 0.549 Thread 0x00000203f58c3d30 Exception <a 'java/lang/NoSuchMethodError'{0x000000071149ae40}: 'void java.lang.invoke.DirectMethodHandle$Holder.invokeSpecial(java.lang.Object, java.lang.Object, java.lang.Object)'> (0x000000071149ae40) 
thrown [s\open\src\hotspot\share\interpreter\linkResolver.cpp, line 759]
Event: 0.552 Thread 0x00000203f58c3d30 Exception <a 'java/lang/IncompatibleClassChangeError'{0x00000007114caeb0}: Found class java.lang.Object, but interface was expected> (0x00000007114caeb0) 
thrown [s\open\src\hotspot\share\interpreter\linkResolver.cpp, line 826]
Event: 0.552 Thread 0x00000203e0727060 Exception <a 'java/lang/NoClassDefFoundError'{0x0000000711507b18}: jakarta/validation/Validation> (0x0000000711507b18) 
thrown [s\open\src\hotspot\share\classfile\systemDictionary.cpp, line 245]

VM Operations (18 events):
Event: 0.077 Executing VM operation: HandshakeAllThreads
Event: 0.077 Executing VM operation: HandshakeAllThreads done
Event: 0.137 Executing VM operation: HandshakeAllThreads
Event: 0.137 Executing VM operation: HandshakeAllThreads done
Event: 0.163 Executing VM operation: HandshakeAllThreads
Event: 0.163 Executing VM operation: HandshakeAllThreads done
Event: 0.210 Executing VM operation: HandshakeAllThreads
Event: 0.210 Executing VM operation: HandshakeAllThreads done
Event: 0.236 Executing VM operation: HandshakeAllThreads
Event: 0.236 Executing VM operation: HandshakeAllThreads done
Event: 0.352 Executing VM operation: HandshakeAllThreads
Event: 0.352 Executing VM operation: HandshakeAllThreads done
Event: 0.416 Executing VM operation: G1CollectForAllocation
Event: 0.419 Executing VM operation: G1CollectForAllocation done
Event: 0.470 Executing VM operation: HandshakeAllThreads
Event: 0.470 Executing VM operation: HandshakeAllThreads done
Event: 0.547 Executing VM operation: HandshakeAllThreads
Event: 0.547 Executing VM operation: HandshakeAllThreads done

Events (20 events):
Event: 0.570 loading class com/sun/org/apache/xalan/internal/utils/FeaturePropertyBase$State
Event: 0.570 loading class com/sun/org/apache/xalan/internal/utils/FeaturePropertyBase$State done
Event: 0.570 loading class com/sun/org/apache/xalan/internal/utils/XMLSecurityPropertyManager$Property
Event: 0.570 loading class com/sun/org/apache/xalan/internal/utils/XMLSecurityPropertyManager$Property done
Event: 0.570 loading class jdk/xml/internal/XMLSecurityManager
Event: 0.570 loading class jdk/xml/internal/XMLSecurityManager done
Event: 0.570 loading class jdk/xml/internal/XMLSecurityManager$Limit
Event: 0.570 loading class jdk/xml/internal/XMLSecurityManager$Limit done
Event: 0.570 loading class jdk/xml/internal/XMLSecurityManager$Processor
Event: 0.570 loading class jdk/xml/internal/XMLSecurityManager$Processor done
Event: 0.570 loading class jdk/xml/internal/XMLSecurityManager$NameMap
Event: 0.570 loading class jdk/xml/internal/XMLSecurityManager$NameMap done
Event: 0.570 loading class jdk/xml/internal/JdkProperty
Event: 0.570 loading class jdk/xml/internal/JdkProperty done
Event: 0.580 loading class java/io/NotSerializableException
Event: 0.580 loading class java/io/ObjectStreamException
Event: 0.580 loading class java/io/ObjectStreamException done
Event: 0.580 loading class java/io/NotSerializableException done
Event: 0.585 loading class java/util/RegularEnumSet$EnumSetIterator
Event: 0.585 loading class java/util/RegularEnumSet$EnumSetIterator done


Dynamic libraries:
0x00007ff7b10d0000 - 0x00007ff7b10e0000 	C:\Program Files\Java\jdk-17\bin\java.exe
0x00007ffb4da10000 - 0x00007ffb4dc08000 	C:\Windows\SYSTEM32\ntdll.dll
0x00007ffb4d3a0000 - 0x00007ffb4d45d000 	C:\Windows\System32\KERNEL32.DLL
0x00007ffb4b5a0000 - 0x00007ffb4b896000 	C:\Windows\System32\KERNELBASE.dll
0x00007ffb4b0c0000 - 0x00007ffb4b1c0000 	C:\Windows\System32\ucrtbase.dll
0x00007ffb2b420000 - 0x00007ffb2b43b000 	C:\Program Files\Java\jdk-17\bin\VCRUNTIME140.dll
0x00007ffb292d0000 - 0x00007ffb292e9000 	C:\Program Files\Java\jdk-17\bin\jli.dll
0x00007ffb4c590000 - 0x00007ffb4c640000 	C:\Windows\System32\ADVAPI32.dll
0x00007ffb4c640000 - 0x00007ffb4c6de000 	C:\Windows\System32\msvcrt.dll
0x00007ffb4c740000 - 0x00007ffb4c7e0000 	C:\Windows\System32\sechost.dll
0x00007ffb4c890000 - 0x00007ffb4c9b3000 	C:\Windows\System32\RPCRT4.dll
0x00007ffb4b8a0000 - 0x00007ffb4b8c7000 	C:\Windows\System32\bcrypt.dll
0x00007ffb4ca50000 - 0x00007ffb4cbef000 	C:\Windows\System32\USER32.dll
0x00007ffb4b270000 - 0x00007ffb4b292000 	C:\Windows\System32\win32u.dll
0x00007ffb30120000 - 0x00007ffb303ba000 	C:\Windows\WinSxS\amd64_microsoft.windows.common-controls_6595b64144ccf1df_6.0.19041.3636_none_60b6a03d71f818d5\COMCTL32.dll
0x00007ffb4c3b0000 - 0x00007ffb4c3db000 	C:\Windows\System32\GDI32.dll
0x00007ffb4b8d0000 - 0x00007ffb4b9e7000 	C:\Windows\System32\gdi32full.dll
0x00007ffb4b400000 - 0x00007ffb4b49d000 	C:\Windows\System32\msvcp_win.dll
0x00007ffb45dd0000 - 0x00007ffb45dda000 	C:\Windows\SYSTEM32\VERSION.dll
0x00007ffb4d360000 - 0x00007ffb4d392000 	C:\Windows\System32\IMM32.DLL
0x00007ffb33810000 - 0x00007ffb3381c000 	C:\Program Files\Java\jdk-17\bin\vcruntime140_1.dll
0x00007ffad4510000 - 0x00007ffad459e000 	C:\Program Files\Java\jdk-17\bin\msvcp140.dll
0x00007ffac7ad0000 - 0x00007ffac86ae000 	C:\Program Files\Java\jdk-17\bin\server\jvm.dll
0x00007ffb4c0b0000 - 0x00007ffb4c0b8000 	C:\Windows\System32\PSAPI.DLL
0x00007ffb3c980000 - 0x00007ffb3c9a7000 	C:\Windows\SYSTEM32\WINMM.dll
0x00007ffb48810000 - 0x00007ffb48819000 	C:\Windows\SYSTEM32\WSOCK32.dll
0x00007ffb4d460000 - 0x00007ffb4d4cb000 	C:\Windows\System32\WS2_32.dll
0x00007ffb48f70000 - 0x00007ffb48f82000 	C:\Windows\SYSTEM32\kernel.appcore.dll
0x00007ffb30a20000 - 0x00007ffb30a2a000 	C:\Program Files\Java\jdk-17\bin\jimage.dll
0x00007ffb42230000 - 0x00007ffb42414000 	C:\Windows\SYSTEM32\DBGHELP.DLL
0x00007ffb31e40000 - 0x00007ffb31e74000 	C:\Windows\SYSTEM32\dbgcore.DLL
0x00007ffb4b510000 - 0x00007ffb4b592000 	C:\Windows\System32\bcryptPrimitives.dll
0x00007ffb26db0000 - 0x00007ffb26dd5000 	C:\Program Files\Java\jdk-17\bin\java.dll
0x00007ffac79f0000 - 0x00007ffac7ac7000 	C:\Program Files\Java\jdk-17\bin\jsvml.dll
0x00007ffb4cbf0000 - 0x00007ffb4d35b000 	C:\Windows\System32\SHELL32.dll
0x00007ffb49170000 - 0x00007ffb4990e000 	C:\Windows\SYSTEM32\windows.storage.dll
0x00007ffb4d5a0000 - 0x00007ffb4d8f3000 	C:\Windows\System32\combase.dll
0x00007ffb4aa20000 - 0x00007ffb4aa4e000 	C:\Windows\SYSTEM32\Wldp.dll
0x00007ffb4d4d0000 - 0x00007ffb4d59d000 	C:\Windows\System32\OLEAUT32.dll
0x00007ffb4c7e0000 - 0x00007ffb4c88d000 	C:\Windows\System32\SHCORE.dll
0x00007ffb4c6e0000 - 0x00007ffb4c735000 	C:\Windows\System32\shlwapi.dll
0x00007ffb4aff0000 - 0x00007ffb4b013000 	C:\Windows\SYSTEM32\profapi.dll
0x00007ffb27810000 - 0x00007ffb27829000 	C:\Program Files\Java\jdk-17\bin\net.dll
0x00007ffb41cf0000 - 0x00007ffb41dfa000 	C:\Windows\SYSTEM32\WINHTTP.dll
0x00007ffb4a780000 - 0x00007ffb4a7ea000 	C:\Windows\system32\mswsock.dll
0x00007ffb27310000 - 0x00007ffb27326000 	C:\Program Files\Java\jdk-17\bin\nio.dll
0x00007ffb27130000 - 0x00007ffb27148000 	C:\Program Files\Java\jdk-17\bin\zip.dll

dbghelp: loaded successfully - version: 4.0.5 - missing functions: none
symbol engine: initialized successfully - sym options: 0x614 - pdb path: .;C:\Program Files\Java\jdk-17\bin;C:\Windows\SYSTEM32;C:\Windows\WinSxS\amd64_microsoft.windows.common-controls_6595b64144ccf1df_6.0.19041.3636_none_60b6a03d71f818d5;C:\Program Files\Java\jdk-17\bin\server

VM Arguments:
jvm_args: -Dfile.encoding=windows-1252 -Duser.country=AR -Duser.language=es -Duser.variant 
java_command: com.example.buensaborback.BuenSaborBackApplication
java_class_path (initial): C:\Users\Usuario\Desktop\ElBuenSabor2\build\classes\java\main;C:\Users\Usuario\Desktop\ElBuenSabor2\build\resources\main;C:\Users\Usuario\.gradle\caches\modules-2\files-2.1\org.springframework.boot\spring-boot-starter-data-jpa\3.2.4\d8c5f393d9b18d96021b3e02d80e4356c5cbe0f7\spring-boot-starter-data-jpa-3.2.4.jar;C:\Users\Usuario\.gradle\caches\modules-2\files-2.1\org.springframework.boot\spring-boot-starter-web\3.2.4\a74df12b71060da7c8e87f9a8c2ef4ea43fc8017\spring-boot-starter-web-3.2.4.jar;C:\Users\Usuario\.gradle\caches\modules-2\files-2.1\com.h2database\h2\2.2.224\7bdade27d8cd197d9b5ce9dc251f41d2edc5f7ad\h2-2.2.224.jar;C:\Users\Usuario\.gradle\caches\modules-2\files-2.1\org.springframework.boot\spring-boot-starter-aop\3.2.4\11aedc0a23c43947608f2122eed08eabe5e2994c\spring-boot-starter-aop-3.2.4.jar;C:\Users\Usuario\.gradle\caches\modules-2\files-2.1\org.springframework.boot\spring-boot-starter-jdbc\3.2.4\7dd399e7ba19d62cae32be6e20edac37ff8fcbc0\spring-boot-starter-jdbc-3.2.4.jar;C:\Users\Usuario\.gradle\caches\modules-2\files-2.1\org.hibernate.orm\hibernate-core\6.4.4.Final\5c9decb3c5a70bf7801d41fc32633416c26be069\hibernate-core-6.4.4.Final.jar;C:\Users\Usuario\.gradle\caches\modules-2\files-2.1\org.springframework.data\spring-data-jpa\3.2.4\1932f90c487999575b57ad41986de96c8ebf5843\spring-data-jpa-3.2.4.jar;C:\Users\Usuario\.gradle\caches\modules-2\files-2.1\org.springframework\spring-aspects\6.1.5\202d9da55e24fec2eda80bbc3cd87fbefc0e1256\spring-aspects-6.1.5.jar;C:\Users\Usuario\.gradle\caches\modules-2\files-2.1\org.springframework.boot\spring-boot-starter-json\3.2.4\ef3f72369ce7f6f7a7b02c0b23e60ef5bdf581b1\spring-boot-starter-json-3.2.4.jar;C:\Users\Usuario\.gradle\caches\modules-2\files-2.1\org.springframework.boot\spring-boot-starter\3.2.4\842cf7f0ed2ecfef3011f3191fc53c59ceed752\spring-boot-starter-3.2.4.jar;C:\Users\Usuario\.gradle\caches\modules-2\files-2.1\org.springframework.boot\spring-boot-starter-tomcat\3.2.4\ffa632eeaaf1a4e
Launcher Type: SUN_STANDARD

[Global flags]
     intx CICompilerCount                          = 4                                         {product} {ergonomic}
     uint ConcGCThreads                            = 3                                         {product} {ergonomic}
     uint G1ConcRefinementThreads                  = 10                                        {product} {ergonomic}
   size_t G1HeapRegionSize                         = 2097152                                   {product} {ergonomic}
    uintx GCDrainStackTargetSize                   = 64                                        {product} {ergonomic}
   size_t InitialHeapSize                          = 266338304                                 {product} {ergonomic}
   size_t MarkStackSize                            = 4194304                                   {product} {ergonomic}
   size_t MaxHeapSize                              = 4261412864                                {product} {ergonomic}
   size_t MaxNewSize                               = 2556428288                                {product} {ergonomic}
   size_t MinHeapDeltaBytes                        = 2097152                                   {product} {ergonomic}
   size_t MinHeapSize                              = 8388608                                   {product} {ergonomic}
    uintx NonNMethodCodeHeapSize                   = 5839372                                {pd product} {ergonomic}
    uintx NonProfiledCodeHeapSize                  = 122909434                              {pd product} {ergonomic}
    uintx ProfiledCodeHeapSize                     = 122909434                              {pd product} {ergonomic}
    uintx ReservedCodeCacheSize                    = 251658240                              {pd product} {ergonomic}
     bool SegmentedCodeCache                       = true                                      {product} {ergonomic}
   size_t SoftMaxHeapSize                          = 4261412864                             {manageable} {ergonomic}
     bool UseCompressedClassPointers               = true                           {product lp64_product} {ergonomic}
     bool UseCompressedOops                        = true                           {product lp64_product} {ergonomic}
     bool UseG1GC                                  = true                                      {product} {ergonomic}
     bool UseLargePagesIndividualAllocation        = false                                  {pd product} {ergonomic}

Logging:
Log output configuration:
 #0: stdout all=warning uptime,level,tags
 #1: stderr all=off uptime,level,tags

Environment Variables:
PATH=C:\Program Files\Common Files\Oracle\Java\javapath;C:\Program Files (x86)\NVIDIA Corporation\PhysX\Common;C:\Program Files (x86)\Common Files\Oracle\Java\javapath;C:\ProgramData\Oracle\Java\javapath;C:\Windows\system32;C:\Windows;C:\Windows\System32\Wbem;C:\Windows\System32\WindowsPowerShell\v1.0\;C:\Windows\System32\OpenSSH\;C:\Program Files\Crucial\Crucial Storage Executive;C:\Program Files\Microsoft SQL Server\150\Tools\Binn\;C:\apache-maven-3.9.1\bin;C:\Program Files\dotnet\;C:\tool\gradle-8.3\bin;C:\Program Files\Microsoft SQL Server\Client SDK\ODBC\170\Tools\Binn\;C:\Program Files\Git\cmd;C:\Program Files\nodejs\;C:\ProgramData\chocolatey\bin;C:\Users\Usuario\.console-ninja\.bin;C:\Users\Usuario\AppData\Local\Microsoft\WindowsApps;C:\Users\Usuario\AppData\Local\Programs\Microsoft VS Code\bin;C:\Users\Usuario\.dotnet\tools;C:\Users\Usuario\AppData\Roaming\npm
USERNAME=Bruno
OS=Windows_NT
PROCESSOR_IDENTIFIER=AMD64 Family 25 Model 80 Stepping 0, AuthenticAMD



---------------  S Y S T E M  ---------------

OS:
 Windows 10 , 64 bit Build 19041 (10.0.19041.3636)
OS uptime: 0 days 8:59 hours

CPU: total 12 (initial active 12) (12 cores per cpu, 2 threads per core) family 25 model 80 stepping 0 microcode 0x0, cx8, cmov, fxsr, ht, mmx, 3dnowpref, sse, sse2, sse3, ssse3, sse4a, sse4.1, sse4.2, popcnt, lzcnt, tsc, tscinvbit, avx, avx2, aes, erms, clmul, bmi1, bmi2, adx, sha, fma, vzeroupper, clflush, clflushopt

Memory: 4k page, system-wide physical 16253M (7448M free)
TotalPageFile size 32637M (AvailPageFile size 5M)
current process WorkingSet (physical memory assigned to process): 89M, peak: 89M
current process commit charge ("private bytes"): 368M, peak: 368M

vm_info: Java HotSpot(TM) 64-Bit Server VM (17.0.8+9-LTS-211) for windows-amd64 JRE (17.0.8+9-LTS-211), built on Jun 14 2023 10:34:31 by "mach5one" with MS VC++ 17.1 (VS2022)

END.
