#
# There is insufficient memory for the Java Runtime Environment to continue.
# Native memory allocation (malloc) failed to allocate 467856 bytes for Chunk::new
# Possible reasons:
#   The system is out of physical RAM or swap space
#   The process is running with CompressedOops enabled, and the Java Heap may be blocking the growth of the native heap
# Possible solutions:
#   Reduce memory load on the system
#   Increase physical memory or swap space
#   Check if swap backing store is full
#   Decrease Java heap size (-Xmx/-Xms)
#   Decrease number of Java threads
#   Decrease Java thread stack sizes (-Xss)
#   Set larger code cache with -XX:ReservedCodeCacheSize=
#   JVM is running with Zero Based Compressed Oops mode in which the Java heap is
#     placed in the first 32GB address space. The Java Heap base address is the
#     maximum limit for the native heap growth. Please use -XX:HeapBaseMinAddress
#     to set the Java Heap base and to place the Java Heap above 32GB virtual address.
# This output file may be truncated or incomplete.
#
#  Out of Memory Error (arena.cpp:189), pid=20076, tid=10488
#
# JRE version: Java(TM) SE Runtime Environment (17.0.8+9) (build 17.0.8+9-LTS-211)
# Java VM: Java HotSpot(TM) 64-Bit Server VM (17.0.8+9-LTS-211, mixed mode, sharing, tiered, compressed oops, compressed class ptrs, g1 gc, windows-amd64)
# No core dump will be written. Minidumps are not enabled by default on client versions of Windows
#

---------------  S U M M A R Y ------------

Command Line: -Dfile.encoding=windows-1252 -Duser.country=AR -Duser.language=es -Duser.variant com.example.buensaborback.BuenSaborBackApplication

Host: AMD Ryzen 5 5600G with Radeon Graphics         , 12 cores, 15G,  Windows 10 , 64 bit Build 19041 (10.0.19041.3636)
Time: Thu May  2 17:33:34 2024 Hora estándar de Argentina elapsed time: 4.948304 seconds (0d 0h 0m 4s)

---------------  T H R E A D  ---------------

Current thread (0x00000285942d5b50):  JavaThread "C2 CompilerThread1" daemon [_thread_in_native, id=10488, stack(0x000000b39c400000,0x000000b39c500000)]


Current CompileTask:
C2:   4948 6644       4       org.springframework.data.repository.core.support.RepositoryComposition$RepositoryFragments::findMethod (83 bytes)

Stack: [0x000000b39c400000,0x000000b39c500000]
Native frames: (J=compiled Java code, j=interpreted, Vv=VM code, C=native code)
V  [jvm.dll+0x677d0a]
V  [jvm.dll+0x7d8c54]
V  [jvm.dll+0x7da3fe]
V  [jvm.dll+0x7daa63]
V  [jvm.dll+0x245c5f]
V  [jvm.dll+0xaaa6b]
V  [jvm.dll+0xab00c]
V  [jvm.dll+0x2ab5cf]
V  [jvm.dll+0x580435]
V  [jvm.dll+0x220b22]
V  [jvm.dll+0x2199e5]
V  [jvm.dll+0x217329]
V  [jvm.dll+0x1a3af0]
V  [jvm.dll+0x2270be]
V  [jvm.dll+0x22535b]
V  [jvm.dll+0x78e7bc]
V  [jvm.dll+0x788bba]
V  [jvm.dll+0x676b35]
C  [ucrtbase.dll+0x21bb2]
C  [KERNEL32.DLL+0x17344]
C  [ntdll.dll+0x526b1]


---------------  P R O C E S S  ---------------

Threads class SMR info:
_java_thread_list=0x0000028581aba110, length=31, elements={
0x00000285942d4480, 0x00000285b7415340, 0x00000285b74160c0, 0x00000285b742c360,
0x00000285b742de30, 0x00000285b742e6f0, 0x00000285b7552090, 0x00000285b7552c80,
0x00000285b7556b30, 0x00000285b7561850, 0x00000285b768f540, 0x00000285b76bce20,
0x00000285942d5b50, 0x00000285fda74b90, 0x000002858077d4c0, 0x0000028580aa4c00,
0x00000285ff15f1e0, 0x00000285fe8a43a0, 0x00000285fe8a4870, 0x00000285fe8a7890,
0x00000285fe8a6ef0, 0x00000285fe8a7d60, 0x00000285fe8a6a20, 0x00000285fe8a4d40,
0x00000285fe8a5210, 0x00000285fe8a6080, 0x00000285fe8a5bb0, 0x0000028581e06d70,
0x0000028581e05090, 0x0000028581e016d0, 0x0000028581e02ee0
}

Java Threads: ( => current thread )
  0x00000285942d4480 JavaThread "main" [_thread_in_native, id=19080, stack(0x000000b39b100000,0x000000b39b200000)]
  0x00000285b7415340 JavaThread "Reference Handler" daemon [_thread_blocked, id=25308, stack(0x000000b39b800000,0x000000b39b900000)]
  0x00000285b74160c0 JavaThread "Finalizer" daemon [_thread_blocked, id=6432, stack(0x000000b39b900000,0x000000b39ba00000)]
  0x00000285b742c360 JavaThread "Signal Dispatcher" daemon [_thread_blocked, id=25548, stack(0x000000b39ba00000,0x000000b39bb00000)]
  0x00000285b742de30 JavaThread "Attach Listener" daemon [_thread_blocked, id=14932, stack(0x000000b39bb00000,0x000000b39bc00000)]
  0x00000285b742e6f0 JavaThread "Service Thread" daemon [_thread_blocked, id=25292, stack(0x000000b39bc00000,0x000000b39bd00000)]
  0x00000285b7552090 JavaThread "Monitor Deflation Thread" daemon [_thread_blocked, id=24768, stack(0x000000b39bd00000,0x000000b39be00000)]
  0x00000285b7552c80 JavaThread "C2 CompilerThread0" daemon [_thread_in_native, id=24860, stack(0x000000b39be00000,0x000000b39bf00000)]
  0x00000285b7556b30 JavaThread "C1 CompilerThread0" daemon [_thread_blocked, id=23480, stack(0x000000b39bf00000,0x000000b39c000000)]
  0x00000285b7561850 JavaThread "Sweeper thread" daemon [_thread_blocked, id=25148, stack(0x000000b39c000000,0x000000b39c100000)]
  0x00000285b768f540 JavaThread "Notification Thread" daemon [_thread_blocked, id=24460, stack(0x000000b39c100000,0x000000b39c200000)]
  0x00000285b76bce20 JavaThread "Common-Cleaner" daemon [_thread_blocked, id=19056, stack(0x000000b39c300000,0x000000b39c400000)]
=>0x00000285942d5b50 JavaThread "C2 CompilerThread1" daemon [_thread_in_native, id=10488, stack(0x000000b39c400000,0x000000b39c500000)]
  0x00000285fda74b90 JavaThread "C2 CompilerThread2" daemon [_thread_in_native, id=14784, stack(0x000000b39ce00000,0x000000b39cf00000)]
  0x000002858077d4c0 JavaThread "HikariPool-1 housekeeper" daemon [_thread_blocked, id=25284, stack(0x000000b39d100000,0x000000b39d200000)]
  0x0000028580aa4c00 JavaThread "Catalina-utility-1" [_thread_blocked, id=18268, stack(0x000000b39d200000,0x000000b39d300000)]
  0x00000285ff15f1e0 JavaThread "Catalina-utility-2" [_thread_blocked, id=23804, stack(0x000000b39d300000,0x000000b39d400000)]
  0x00000285fe8a43a0 JavaThread "container-0" [_thread_blocked, id=25512, stack(0x000000b39d400000,0x000000b39d500000)]
  0x00000285fe8a4870 JavaThread "HikariPool-1 connection adder" daemon [_thread_blocked, id=25216, stack(0x000000b39d500000,0x000000b39d600000)]
  0x00000285fe8a7890 JavaThread "http-nio-8080-exec-1" daemon [_thread_blocked, id=17084, stack(0x000000b39d600000,0x000000b39d700000)]
  0x00000285fe8a6ef0 JavaThread "http-nio-8080-exec-2" daemon [_thread_blocked, id=20356, stack(0x000000b39d700000,0x000000b39d800000)]
  0x00000285fe8a7d60 JavaThread "http-nio-8080-exec-3" daemon [_thread_blocked, id=25300, stack(0x000000b39d800000,0x000000b39d900000)]
  0x00000285fe8a6a20 JavaThread "http-nio-8080-exec-4" daemon [_thread_blocked, id=25088, stack(0x000000b39d900000,0x000000b39da00000)]
  0x00000285fe8a4d40 JavaThread "http-nio-8080-exec-5" daemon [_thread_blocked, id=23316, stack(0x000000b39da00000,0x000000b39db00000)]
  0x00000285fe8a5210 JavaThread "http-nio-8080-exec-6" daemon [_thread_blocked, id=9192, stack(0x000000b39db00000,0x000000b39dc00000)]
  0x00000285fe8a6080 JavaThread "http-nio-8080-exec-7" daemon [_thread_blocked, id=17596, stack(0x000000b39dc00000,0x000000b39dd00000)]
  0x00000285fe8a5bb0 JavaThread "http-nio-8080-exec-8" daemon [_thread_blocked, id=25168, stack(0x000000b39dd00000,0x000000b39de00000)]
  0x0000028581e06d70 JavaThread "http-nio-8080-exec-9" daemon [_thread_blocked, id=25336, stack(0x000000b39de00000,0x000000b39df00000)]
  0x0000028581e05090 JavaThread "http-nio-8080-exec-10" daemon [_thread_blocked, id=24984, stack(0x000000b39df00000,0x000000b39e000000)]
  0x0000028581e016d0 JavaThread "http-nio-8080-Poller" daemon [_thread_in_native, id=23772, stack(0x000000b39e000000,0x000000b39e100000)]
  0x0000028581e02ee0 JavaThread "http-nio-8080-Acceptor" daemon [_thread_in_native, id=23776, stack(0x000000b39e100000,0x000000b39e200000)]

Other Threads:
  0x00000285b7410800 VMThread "VM Thread" [stack: 0x000000b39b700000,0x000000b39b800000] [id=11144]
  0x0000028594367470 WatcherThread [stack: 0x000000b39c200000,0x000000b39c300000] [id=25044]
  0x0000028594340500 GCTaskThread "GC Thread#0" [stack: 0x000000b39b200000,0x000000b39b300000] [id=24508]
  0x00000285fd61d310 GCTaskThread "GC Thread#1" [stack: 0x000000b39c500000,0x000000b39c600000] [id=23956]
  0x00000285fd5d9710 GCTaskThread "GC Thread#2" [stack: 0x000000b39c600000,0x000000b39c700000] [id=25220]
  0x00000285fd5d99c0 GCTaskThread "GC Thread#3" [stack: 0x000000b39c700000,0x000000b39c800000] [id=25200]
  0x00000285fd5d9c70 GCTaskThread "GC Thread#4" [stack: 0x000000b39c800000,0x000000b39c900000] [id=11008]
  0x00000285fd17c7c0 GCTaskThread "GC Thread#5" [stack: 0x000000b39c900000,0x000000b39ca00000] [id=21872]
  0x00000285fd9aa2a0 GCTaskThread "GC Thread#6" [stack: 0x000000b39cb00000,0x000000b39cc00000] [id=23196]
  0x00000285fddb4c20 GCTaskThread "GC Thread#7" [stack: 0x000000b39cc00000,0x000000b39cd00000] [id=12844]
  0x00000285fdc857c0 GCTaskThread "GC Thread#8" [stack: 0x000000b39cd00000,0x000000b39ce00000] [id=16340]
  0x00000285febc0f10 GCTaskThread "GC Thread#9" [stack: 0x000000b39ca00000,0x000000b39cb00000] [id=22152]
  0x0000028594351150 ConcurrentGCThread "G1 Main Marker" [stack: 0x000000b39b300000,0x000000b39b400000] [id=24848]
  0x0000028594352210 ConcurrentGCThread "G1 Conc#0" [stack: 0x000000b39b400000,0x000000b39b500000] [id=19684]
  0x00000285febc09b0 ConcurrentGCThread "G1 Conc#1" [stack: 0x000000b39cf00000,0x000000b39d000000] [id=23788]
  0x00000285febbfef0 ConcurrentGCThread "G1 Conc#2" [stack: 0x000000b39d000000,0x000000b39d100000] [id=24652]
  0x000002859439d0e0 ConcurrentGCThread "G1 Refine#0" [stack: 0x000000b39b500000,0x000000b39b600000] [id=24948]
  0x000002859439da10 ConcurrentGCThread "G1 Service" [stack: 0x000000b39b600000,0x000000b39b700000] [id=25584]

Threads with active compile tasks:
C2 CompilerThread0     4960 6623       4       java.util.stream.Stream::concat (73 bytes)
C1 CompilerThread0     4961 7120       2       java.io.FileOutputStream::write (20 bytes)
C2 CompilerThread1     4961 6644       4       org.springframework.data.repository.core.support.RepositoryComposition$RepositoryFragments::findMethod (83 bytes)
C2 CompilerThread2     4961 6162       4       org.springframework.core.BridgeMethodResolver::resolveBridgeMethod (165 bytes)

VM state: not at safepoint (normal execution)

VM Mutex/Monitor currently owned by a thread: None

OutOfMemory and StackOverflow Exception counts:
StackOverflowErrors=1
LinkageErrors=142

Heap address: 0x0000000702000000, size: 4064 MB, Compressed Oops mode: Zero based, Oop shift amount: 3

CDS archive(s) mapped at: [0x00000285b8000000-0x00000285b8bd0000-0x00000285b8bd0000), size 12386304, SharedBaseAddress: 0x00000285b8000000, ArchiveRelocationMode: 1.
Compressed class space mapped at: 0x00000285b9000000-0x00000285f9000000, reserved size: 1073741824
Narrow klass base: 0x00000285b8000000, Narrow klass shift: 0, Narrow klass range: 0x100000000

GC Precious Log:
 CPUs: 12 total, 12 available
 Memory: 16253M
 Large Page Support: Disabled
 NUMA Support: Disabled
 Compressed Oops: Enabled (Zero based)
 Heap Region Size: 2M
 Heap Min Capacity: 8M
 Heap Initial Capacity: 254M
 Heap Max Capacity: 4064M
 Pre-touch: Disabled
 Parallel Workers: 10
 Concurrent Workers: 3
 Concurrent Refinement Workers: 10
 Periodic GC: Disabled

Heap:
 garbage-first heap   total 75776K, used 45227K [0x0000000702000000, 0x0000000800000000)
  region size 2048K, 10 young (20480K), 1 survivors (2048K)
 Metaspace       used 62983K, committed 63552K, reserved 1114112K
  class space    used 8487K, committed 8768K, reserved 1048576K

Heap Regions: E=young(eden), S=young(survivor), O=old, HS=humongous(starts), HC=humongous(continues), CS=collection set, F=free, OA=open archive, CA=closed archive, TAMS=top-at-mark-start (previous, next)
|   0|0x0000000702000000, 0x0000000702200000, 0x0000000702200000|100%| O|  |TAMS 0x0000000702200000, 0x0000000702000000| Untracked 
|   1|0x0000000702200000, 0x0000000702400000, 0x0000000702400000|100%| O|  |TAMS 0x0000000702400000, 0x0000000702200000| Untracked 
|   2|0x0000000702400000, 0x0000000702600000, 0x0000000702600000|100%| O|  |TAMS 0x0000000702600000, 0x0000000702400000| Untracked 
|   3|0x0000000702600000, 0x0000000702800000, 0x0000000702800000|100%| O|  |TAMS 0x0000000702800000, 0x0000000702600000| Untracked 
|   4|0x0000000702800000, 0x0000000702a00000, 0x0000000702a00000|100%| O|  |TAMS 0x0000000702a00000, 0x0000000702800000| Untracked 
|   5|0x0000000702a00000, 0x0000000702c00000, 0x0000000702c00000|100%| O|  |TAMS 0x0000000702c00000, 0x0000000702a00000| Untracked 
|   6|0x0000000702c00000, 0x0000000702e00000, 0x0000000702e00000|100%| O|  |TAMS 0x0000000702e00000, 0x0000000702c00000| Untracked 
|   7|0x0000000702e00000, 0x0000000703000000, 0x0000000703000000|100%| O|  |TAMS 0x0000000703000000, 0x0000000702e00000| Untracked 
|   8|0x0000000703000000, 0x0000000703200000, 0x0000000703200000|100%| O|  |TAMS 0x0000000703200000, 0x0000000703000000| Untracked 
|   9|0x0000000703200000, 0x0000000703200000, 0x0000000703400000|  0%| F|  |TAMS 0x0000000703200000, 0x0000000703200000| Untracked 
|  10|0x0000000703400000, 0x0000000703600000, 0x0000000703600000|100%| O|  |TAMS 0x0000000703600000, 0x0000000703400000| Untracked 
|  11|0x0000000703600000, 0x0000000703800000, 0x0000000703800000|100%| O|  |TAMS 0x000000070371c600, 0x0000000703600000| Untracked 
|  12|0x0000000703800000, 0x0000000703a00000, 0x0000000703a00000|100%| O|  |TAMS 0x0000000703800000, 0x0000000703800000| Untracked 
|  13|0x0000000703a00000, 0x0000000703c00000, 0x0000000703c00000|100%| O|  |TAMS 0x0000000703a00000, 0x0000000703a00000| Untracked 
|  14|0x0000000703c00000, 0x0000000703d8ec00, 0x0000000703e00000| 77%| O|  |TAMS 0x0000000703c00000, 0x0000000703c00000| Untracked 
|  15|0x0000000703e00000, 0x0000000703e00000, 0x0000000704000000|  0%| F|  |TAMS 0x0000000703e00000, 0x0000000703e00000| Untracked 
|  16|0x0000000704000000, 0x0000000704000000, 0x0000000704200000|  0%| F|  |TAMS 0x0000000704000000, 0x0000000704000000| Untracked 
|  17|0x0000000704200000, 0x0000000704200000, 0x0000000704400000|  0%| F|  |TAMS 0x0000000704200000, 0x0000000704200000| Untracked 
|  18|0x0000000704400000, 0x0000000704400000, 0x0000000704600000|  0%| F|  |TAMS 0x0000000704400000, 0x0000000704400000| Untracked 
|  19|0x0000000704600000, 0x0000000704600000, 0x0000000704800000|  0%| F|  |TAMS 0x0000000704600000, 0x0000000704600000| Untracked 
|  20|0x0000000704800000, 0x0000000704800000, 0x0000000704a00000|  0%| F|  |TAMS 0x0000000704800000, 0x0000000704800000| Untracked 
|  21|0x0000000704a00000, 0x0000000704a00000, 0x0000000704c00000|  0%| F|  |TAMS 0x0000000704a00000, 0x0000000704a00000| Untracked 
|  22|0x0000000704c00000, 0x0000000704c00000, 0x0000000704e00000|  0%| F|  |TAMS 0x0000000704c00000, 0x0000000704c00000| Untracked 
|  23|0x0000000704e00000, 0x0000000704e00000, 0x0000000705000000|  0%| F|  |TAMS 0x0000000704e00000, 0x0000000704e00000| Untracked 
|  24|0x0000000705000000, 0x0000000705000000, 0x0000000705200000|  0%| F|  |TAMS 0x0000000705000000, 0x0000000705000000| Untracked 
|  25|0x0000000705200000, 0x0000000705200000, 0x0000000705400000|  0%| F|  |TAMS 0x0000000705200000, 0x0000000705200000| Untracked 
|  26|0x0000000705400000, 0x0000000705400000, 0x0000000705600000|  0%| F|  |TAMS 0x0000000705400000, 0x0000000705400000| Untracked 
|  27|0x0000000705600000, 0x00000007057c09c8, 0x0000000705800000| 87%| E|  |TAMS 0x0000000705600000, 0x0000000705600000| Complete 
|  28|0x0000000705800000, 0x0000000705a00000, 0x0000000705a00000|100%| E|CS|TAMS 0x0000000705800000, 0x0000000705800000| Complete 
|  29|0x0000000705a00000, 0x0000000705c00000, 0x0000000705c00000|100%| E|CS|TAMS 0x0000000705a00000, 0x0000000705a00000| Complete 
|  30|0x0000000705c00000, 0x0000000705e00000, 0x0000000705e00000|100%| E|CS|TAMS 0x0000000705c00000, 0x0000000705c00000| Complete 
|  31|0x0000000705e00000, 0x0000000706000000, 0x0000000706000000|100%| E|CS|TAMS 0x0000000705e00000, 0x0000000705e00000| Complete 
|  32|0x0000000706000000, 0x0000000706200000, 0x0000000706200000|100%| E|CS|TAMS 0x0000000706000000, 0x0000000706000000| Complete 
|  33|0x0000000706200000, 0x0000000706400000, 0x0000000706400000|100%| E|CS|TAMS 0x0000000706200000, 0x0000000706200000| Complete 
|  70|0x000000070ac00000, 0x000000070ae00000, 0x000000070ae00000|100%| E|CS|TAMS 0x000000070ac00000, 0x000000070ac00000| Complete 
|  71|0x000000070ae00000, 0x000000070ae9c0c0, 0x000000070b000000| 30%| S|CS|TAMS 0x000000070ae00000, 0x000000070ae00000| Complete 
| 126|0x0000000711c00000, 0x0000000711e00000, 0x0000000711e00000|100%| E|CS|TAMS 0x0000000711c00000, 0x0000000711c00000| Complete 

Card table byte_map: [0x00000285ab8b0000,0x00000285ac0a0000] _byte_map_base: 0x00000285a80a0000

Marking Bits (Prev, Next): (CMBitMap*) 0x0000028594340a60, (CMBitMap*) 0x0000028594340a20
 Prev Bits: [0x00000285b0810000, 0x00000285b4790000)
 Next Bits: [0x00000285ac890000, 0x00000285b0810000)

Polling page: 0x0000028593aa0000

Metaspace:

Usage:
  Non-class:     53.23 MB used.
      Class:      8.29 MB used.
       Both:     61.52 MB used.

Virtual space:
  Non-class space:       64.00 MB reserved,      53.50 MB ( 84%) committed,  1 nodes.
      Class space:        1.00 GB reserved,       8.56 MB ( <1%) committed,  1 nodes.
             Both:        1.06 GB reserved,      62.06 MB (  6%) committed. 

Chunk freelists:
   Non-Class:  9.81 MB
       Class:  7.44 MB
        Both:  17.25 MB

MaxMetaspaceSize: unlimited
CompressedClassSpaceSize: 1.00 GB
Initial GC threshold: 21.00 MB
Current GC threshold: 98.44 MB
CDS: on
MetaspaceReclaimPolicy: balanced
 - commit_granule_bytes: 65536.
 - commit_granule_words: 8192.
 - virtual_space_node_default_size: 8388608.
 - enlarge_chunks_in_place: 1.
 - new_chunks_are_fully_committed: 0.
 - uncommit_free_chunks: 1.
 - use_allocation_guard: 0.
 - handle_deallocations: 1.


Internal statistics:

num_allocs_failed_limit: 9.
num_arena_births: 904.
num_arena_deaths: 0.
num_vsnodes_births: 2.
num_vsnodes_deaths: 0.
num_space_committed: 993.
num_space_uncommitted: 0.
num_chunks_returned_to_freelist: 9.
num_chunks_taken_from_freelist: 3293.
num_chunk_merges: 9.
num_chunk_splits: 2346.
num_chunks_enlarged: 1804.
num_purges: 0.
num_inconsistent_stats: 0.

CodeHeap 'non-profiled nmethods': size=120000Kb used=4035Kb max_used=4035Kb free=115964Kb
 bounds [0x00000285a3640000, 0x00000285a3a40000, 0x00000285aab70000]
CodeHeap 'profiled nmethods': size=120000Kb used=11815Kb max_used=11815Kb free=108185Kb
 bounds [0x000002859bb70000, 0x000002859c700000, 0x00000285a30a0000]
CodeHeap 'non-nmethods': size=5760Kb used=1358Kb max_used=1451Kb free=4402Kb
 bounds [0x00000285a30a0000, 0x00000285a3310000, 0x00000285a3640000]
 total_blobs=7066 nmethods=6379 adapters=596
 compilation: enabled
              stopped_count=0, restarted_count=0
 full_count=0

Compilation events (20 events):
Event: 4.944 Thread 0x00000285b7556b30 nmethod 7052 0x000002859c6e0610 code [0x000002859c6e07a0, 0x000002859c6e08b8]
Event: 4.944 Thread 0x00000285b7556b30 7053       1       org.hibernate.engine.spi.CascadeStyles$12::doCascade (2 bytes)
Event: 4.944 Thread 0x00000285b7556b30 nmethod 7053 0x00000285a3a25810 code [0x00000285a3a259a0, 0x00000285a3a25a78]
Event: 4.944 Thread 0x00000285b7556b30 7050       1       org.hibernate.internal.JdbcSessionContextImpl::getObserver (5 bytes)
Event: 4.944 Thread 0x00000285b7556b30 nmethod 7050 0x00000285a3a25b10 code [0x00000285a3a25ca0, 0x00000285a3a25d78]
Event: 4.944 Thread 0x00000285b7556b30 7054       1       org.hibernate.action.internal.EntityAction::getPersister (5 bytes)
Event: 4.944 Thread 0x00000285b7556b30 nmethod 7054 0x00000285a3a25e10 code [0x00000285a3a25fa0, 0x00000285a3a26078]
Event: 4.944 Thread 0x00000285b7556b30 7055       2       org.h2.engine.SessionLocal::setCurrentCommand (102 bytes)
Event: 4.945 Thread 0x00000285b7556b30 nmethod 7055 0x000002859c6e0990 code [0x000002859c6e0ba0, 0x000002859c6e1068]
Event: 4.945 Thread 0x00000285b7556b30 7056       2       ch.qos.logback.core.pattern.DynamicConverter::getFirstOption (35 bytes)
Event: 4.945 Thread 0x00000285b7556b30 nmethod 7056 0x000002859c6e1310 code [0x000002859c6e14c0, 0x000002859c6e16b8]
Event: 4.945 Thread 0x00000285b7556b30 7057       2       org.springframework.boot.ansi.AnsiOutput::toString (32 bytes)
Event: 4.945 Thread 0x00000285fda74b90 nmethod 6863 0x00000285a3a26110 code [0x00000285a3a262e0, 0x00000285a3a269d8]
Event: 4.945 Thread 0x00000285fda74b90 7051       4       java.lang.AbstractStringBuilder::isLatin1 (19 bytes)
Event: 4.945 Thread 0x00000285b7556b30 nmethod 7057 0x000002859c6e1790 code [0x000002859c6e1980, 0x000002859c6e1bf8]
Event: 4.945 Thread 0x00000285fda74b90 nmethod 7051 0x00000285a3a26d10 code [0x00000285a3a26e80, 0x00000285a3a26f18]
Event: 4.945 Thread 0x00000285fda74b90 6608       4       java.util.stream.ReduceOps$3::getOpFlags (28 bytes)
Event: 4.946 Thread 0x00000285b7556b30 7058       2       java.lang.invoke.LambdaFormBuffer::clearDuplicatesAndNulls (268 bytes)
Event: 4.947 Thread 0x00000285b7556b30 nmethod 7058 0x000002859c6e1d90 code [0x000002859c6e1fa0, 0x000002859c6e2698]
Event: 4.947 Thread 0x00000285b7556b30 7059       2       java.lang.invoke.LambdaFormBuffer::endEdit (313 bytes)

GC Heap History (20 events):
Event: 2.516 GC heap before
{Heap before GC invocations=7 (full 0):
 garbage-first heap   total 161792K, used 29981K [0x0000000702000000, 0x0000000800000000)
  region size 2048K, 8 young (16384K), 1 survivors (2048K)
 Metaspace       used 35591K, committed 35968K, reserved 1114112K
  class space    used 4471K, committed 4672K, reserved 1048576K
}
Event: 2.518 GC heap after
{Heap after GC invocations=8 (full 0):
 garbage-first heap   total 161792K, used 18272K [0x0000000702000000, 0x0000000800000000)
  region size 2048K, 2 young (4096K), 2 survivors (4096K)
 Metaspace       used 35591K, committed 35968K, reserved 1114112K
  class space    used 4471K, committed 4672K, reserved 1048576K
}
Event: 3.131 GC heap before
{Heap before GC invocations=9 (full 0):
 garbage-first heap   total 75776K, used 59232K [0x0000000702000000, 0x0000000800000000)
  region size 2048K, 22 young (45056K), 2 survivors (4096K)
 Metaspace       used 43822K, committed 44352K, reserved 1114112K
  class space    used 5695K, committed 5952K, reserved 1048576K
}
Event: 3.134 GC heap after
{Heap after GC invocations=10 (full 0):
 garbage-first heap   total 75776K, used 20481K [0x0000000702000000, 0x0000000800000000)
  region size 2048K, 3 young (6144K), 3 survivors (6144K)
 Metaspace       used 43822K, committed 44352K, reserved 1114112K
  class space    used 5695K, committed 5952K, reserved 1048576K
}
Event: 3.159 GC heap before
{Heap before GC invocations=10 (full 0):
 garbage-first heap   total 75776K, used 22529K [0x0000000702000000, 0x0000000800000000)
  region size 2048K, 4 young (8192K), 3 survivors (6144K)
 Metaspace       used 44340K, committed 44864K, reserved 1114112K
  class space    used 5756K, committed 6016K, reserved 1048576K
}
Event: 3.162 GC heap after
{Heap after GC invocations=11 (full 0):
 garbage-first heap   total 75776K, used 20542K [0x0000000702000000, 0x0000000800000000)
  region size 2048K, 1 young (2048K), 1 survivors (2048K)
 Metaspace       used 44340K, committed 44864K, reserved 1114112K
  class space    used 5756K, committed 6016K, reserved 1048576K
}
Event: 3.640 GC heap before
{Heap before GC invocations=11 (full 0):
 garbage-first heap   total 75776K, used 55358K [0x0000000702000000, 0x0000000800000000)
  region size 2048K, 18 young (36864K), 1 survivors (2048K)
 Metaspace       used 51592K, committed 52096K, reserved 1114112K
  class space    used 6942K, committed 7168K, reserved 1048576K
}
Event: 3.641 GC heap after
{Heap after GC invocations=12 (full 0):
 garbage-first heap   total 75776K, used 21163K [0x0000000702000000, 0x0000000800000000)
  region size 2048K, 1 young (2048K), 1 survivors (2048K)
 Metaspace       used 51592K, committed 52096K, reserved 1114112K
  class space    used 6942K, committed 7168K, reserved 1048576K
}
Event: 4.053 GC heap before
{Heap before GC invocations=12 (full 0):
 garbage-first heap   total 75776K, used 58027K [0x0000000702000000, 0x0000000800000000)
  region size 2048K, 19 young (38912K), 1 survivors (2048K)
 Metaspace       used 56711K, committed 57216K, reserved 1114112K
  class space    used 7630K, committed 7872K, reserved 1048576K
}
Event: 4.056 GC heap after
{Heap after GC invocations=13 (full 0):
 garbage-first heap   total 75776K, used 23721K [0x0000000702000000, 0x0000000800000000)
  region size 2048K, 2 young (4096K), 2 survivors (4096K)
 Metaspace       used 56711K, committed 57216K, reserved 1114112K
  class space    used 7630K, committed 7872K, reserved 1048576K
}
Event: 4.313 GC heap before
{Heap before GC invocations=13 (full 0):
 garbage-first heap   total 75776K, used 58537K [0x0000000702000000, 0x0000000800000000)
  region size 2048K, 19 young (38912K), 2 survivors (4096K)
 Metaspace       used 58803K, committed 59392K, reserved 1114112K
  class space    used 7893K, committed 8192K, reserved 1048576K
}
Event: 4.315 GC heap after
{Heap after GC invocations=14 (full 0):
 garbage-first heap   total 75776K, used 25577K [0x0000000702000000, 0x0000000800000000)
  region size 2048K, 3 young (6144K), 3 survivors (6144K)
 Metaspace       used 58803K, committed 59392K, reserved 1114112K
  class space    used 7893K, committed 8192K, reserved 1048576K
}
Event: 4.411 GC heap before
{Heap before GC invocations=14 (full 0):
 garbage-first heap   total 75776K, used 56297K [0x0000000702000000, 0x0000000800000000)
  region size 2048K, 18 young (36864K), 3 survivors (6144K)
 Metaspace       used 59056K, committed 59584K, reserved 1114112K
  class space    used 7909K, committed 8192K, reserved 1048576K
}
Event: 4.413 GC heap after
{Heap after GC invocations=15 (full 0):
 garbage-first heap   total 75776K, used 26298K [0x0000000702000000, 0x0000000800000000)
  region size 2048K, 2 young (4096K), 2 survivors (4096K)
 Metaspace       used 59056K, committed 59584K, reserved 1114112K
  class space    used 7909K, committed 8192K, reserved 1048576K
}
Event: 4.520 GC heap before
{Heap before GC invocations=15 (full 0):
 garbage-first heap   total 75776K, used 42682K [0x0000000702000000, 0x0000000800000000)
  region size 2048K, 11 young (22528K), 2 survivors (4096K)
 Metaspace       used 59741K, committed 60288K, reserved 1114112K
  class space    used 7999K, committed 8256K, reserved 1048576K
}
Event: 4.521 GC heap after
{Heap after GC invocations=16 (full 0):
 garbage-first heap   total 75776K, used 27042K [0x0000000702000000, 0x0000000800000000)
  region size 2048K, 2 young (4096K), 2 survivors (4096K)
 Metaspace       used 59741K, committed 60288K, reserved 1114112K
  class space    used 7999K, committed 8256K, reserved 1048576K
}
Event: 4.761 GC heap before
{Heap before GC invocations=17 (full 0):
 garbage-first heap   total 75776K, used 59810K [0x0000000702000000, 0x0000000800000000)
  region size 2048K, 18 young (36864K), 2 survivors (4096K)
 Metaspace       used 61094K, committed 61632K, reserved 1114112K
  class space    used 8233K, committed 8512K, reserved 1048576K
}
Event: 4.764 GC heap after
{Heap after GC invocations=18 (full 0):
 garbage-first heap   total 75776K, used 28754K [0x0000000702000000, 0x0000000800000000)
  region size 2048K, 2 young (4096K), 2 survivors (4096K)
 Metaspace       used 61094K, committed 61632K, reserved 1114112K
  class space    used 8233K, committed 8512K, reserved 1048576K
}
Event: 4.772 GC heap before
{Heap before GC invocations=18 (full 0):
 garbage-first heap   total 75776K, used 30802K [0x0000000702000000, 0x0000000800000000)
  region size 2048K, 3 young (6144K), 2 survivors (4096K)
 Metaspace       used 61126K, committed 61696K, reserved 1114112K
  class space    used 8235K, committed 8512K, reserved 1048576K
}
Event: 4.775 GC heap after
{Heap after GC invocations=19 (full 0):
 garbage-first heap   total 75776K, used 28843K [0x0000000702000000, 0x0000000800000000)
  region size 2048K, 1 young (2048K), 1 survivors (2048K)
 Metaspace       used 61126K, committed 61696K, reserved 1114112K
  class space    used 8235K, committed 8512K, reserved 1048576K
}

Deoptimization events (20 events):
Event: 4.897 Thread 0x00000285942d4480 Uncommon trap: trap_request=0xffffffde fr.pc=0x00000285a39bab94 relative=0x0000000000000754
Event: 4.897 Thread 0x00000285942d4480 Uncommon trap: reason=class_check action=maybe_recompile pc=0x00000285a39bab94 method=java.util.stream.FindOps$FindOp.evaluateSequential(Ljava/util/stream/PipelineHelper;Ljava/util/Spliterator;)Ljava/lang/Object; @ 10 c2
Event: 4.897 Thread 0x00000285942d4480 DEOPT PACKING pc=0x00000285a39bab94 sp=0x000000b39b1fa8d0
Event: 4.897 Thread 0x00000285942d4480 DEOPT UNPACKING pc=0x00000285a30f23a3 sp=0x000000b39b1fa8a8 mode 2
Event: 4.897 Thread 0x00000285942d4480 Uncommon trap: trap_request=0xffffffde fr.pc=0x00000285a39bab94 relative=0x0000000000000754
Event: 4.897 Thread 0x00000285942d4480 Uncommon trap: reason=class_check action=maybe_recompile pc=0x00000285a39bab94 method=java.util.stream.FindOps$FindOp.evaluateSequential(Ljava/util/stream/PipelineHelper;Ljava/util/Spliterator;)Ljava/lang/Object; @ 10 c2
Event: 4.897 Thread 0x00000285942d4480 DEOPT PACKING pc=0x00000285a39bab94 sp=0x000000b39b1fa8d0
Event: 4.897 Thread 0x00000285942d4480 DEOPT UNPACKING pc=0x00000285a30f23a3 sp=0x000000b39b1fa8a8 mode 2
Event: 4.897 Thread 0x00000285942d4480 Uncommon trap: trap_request=0xffffffde fr.pc=0x00000285a39bab94 relative=0x0000000000000754
Event: 4.897 Thread 0x00000285942d4480 Uncommon trap: reason=class_check action=maybe_recompile pc=0x00000285a39bab94 method=java.util.stream.FindOps$FindOp.evaluateSequential(Ljava/util/stream/PipelineHelper;Ljava/util/Spliterator;)Ljava/lang/Object; @ 10 c2
Event: 4.897 Thread 0x00000285942d4480 DEOPT PACKING pc=0x00000285a39bab94 sp=0x000000b39b1fa8d0
Event: 4.897 Thread 0x00000285942d4480 DEOPT UNPACKING pc=0x00000285a30f23a3 sp=0x000000b39b1fa8a8 mode 2
Event: 4.897 Thread 0x00000285942d4480 Uncommon trap: trap_request=0xffffffde fr.pc=0x00000285a39bab94 relative=0x0000000000000754
Event: 4.897 Thread 0x00000285942d4480 Uncommon trap: reason=class_check action=maybe_recompile pc=0x00000285a39bab94 method=java.util.stream.FindOps$FindOp.evaluateSequential(Ljava/util/stream/PipelineHelper;Ljava/util/Spliterator;)Ljava/lang/Object; @ 10 c2
Event: 4.897 Thread 0x00000285942d4480 DEOPT PACKING pc=0x00000285a39bab94 sp=0x000000b39b1fa9b0
Event: 4.897 Thread 0x00000285942d4480 DEOPT UNPACKING pc=0x00000285a30f23a3 sp=0x000000b39b1fa988 mode 2
Event: 4.944 Thread 0x00000285942d4480 Uncommon trap: trap_request=0xffffff45 fr.pc=0x00000285a371efa4 relative=0x0000000000000084
Event: 4.944 Thread 0x00000285942d4480 Uncommon trap: reason=unstable_if action=reinterpret pc=0x00000285a371efa4 method=java.util.LinkedHashMap.afterNodeInsertion(Z)V @ 18 c2
Event: 4.944 Thread 0x00000285942d4480 DEOPT PACKING pc=0x00000285a371efa4 sp=0x000000b39b1fb740
Event: 4.944 Thread 0x00000285942d4480 DEOPT UNPACKING pc=0x00000285a30f23a3 sp=0x000000b39b1fb6c0 mode 2

Classes unloaded (0 events):
No events

Classes redefined (0 events):
No events

Internal exceptions (20 events):
Event: 3.847 Thread 0x00000285942d4480 Exception <a 'java/lang/NoSuchMethodError'{0x00000007055b3208}: 'java.lang.Object java.lang.invoke.Invokers$Holder.linkToTargetMethod(java.lang.Object, java.lang.Object, java.lang.Object, java.lang.Object, java.lang.Object, java.lang.Object, int, java.lang.Object)'> (0x00000007055b3208) 
thrown [s\open\src\hotspot\share\interpreter\linkResolver.cpp, line 759]
Event: 3.871 Thread 0x00000285942d4480 Exception <a 'java/lang/NoSuchMethodError'{0x000000070533cd20}: 'void java.lang.invoke.DirectMethodHandle$Holder.invokeInterface(java.lang.Object, java.lang.Object)'> (0x000000070533cd20) 
thrown [s\open\src\hotspot\share\interpreter\linkResolver.cpp, line 759]
Event: 4.031 Thread 0x00000285942d4480 Exception <a 'java/lang/IncompatibleClassChangeError'{0x000000070465d5c8}: Found class java.lang.Object, but interface was expected> (0x000000070465d5c8) 
thrown [s\open\src\hotspot\share\interpreter\linkResolver.cpp, line 826]
Event: 4.039 Thread 0x00000285942d4480 Exception <a 'java/lang/IncompatibleClassChangeError'{0x00000007046d8f30}: Found class java.lang.Object, but interface was expected> (0x00000007046d8f30) 
thrown [s\open\src\hotspot\share\interpreter\linkResolver.cpp, line 826]
Event: 4.063 Thread 0x00000285942d4480 Exception <a 'java/lang/IncompatibleClassChangeError'{0x0000000711c58ea8}: Found class java.lang.Object, but interface was expected> (0x0000000711c58ea8) 
thrown [s\open\src\hotspot\share\interpreter\linkResolver.cpp, line 826]
Event: 4.206 Thread 0x00000285942d4480 Exception <a 'java/lang/IncompatibleClassChangeError'{0x0000000705f69908}: Found class java.lang.Object, but interface was expected> (0x0000000705f69908) 
thrown [s\open\src\hotspot\share\interpreter\linkResolver.cpp, line 826]
Event: 4.584 Thread 0x00000285942d4480 Exception <a 'sun/nio/fs/WindowsException'{0x000000070ac03698}> (0x000000070ac03698) 
thrown [s\open\src\hotspot\share\prims\jni.cpp, line 516]
Event: 4.614 Thread 0x00000285942d4480 Exception <a 'java/lang/IncompatibleClassChangeError'{0x00000007063bc6b0}: Found class java.lang.Object, but interface was expected> (0x00000007063bc6b0) 
thrown [s\open\src\hotspot\share\interpreter\linkResolver.cpp, line 826]
Event: 4.642 Thread 0x00000285942d4480 Exception <a 'java/lang/NoSuchMethodError'{0x000000070617bef8}: 'void java.lang.invoke.DirectMethodHandle$Holder.invokeVirtual(java.lang.Object, java.lang.Object, long)'> (0x000000070617bef8) 
thrown [s\open\src\hotspot\share\interpreter\linkResolver.cpp, line 759]
Event: 4.686 Thread 0x00000285942d4480 Exception <a 'java/lang/NoSuchMethodError'{0x0000000705cd30c0}: 'int java.lang.invoke.DirectMethodHandle$Holder.invokeStaticInit(java.lang.Object, java.lang.Object, java.lang.Object, java.lang.Object)'> (0x0000000705cd30c0) 
thrown [s\open\src\hotspot\share\interpreter\linkResolver.cpp, line 759]
Event: 4.691 Thread 0x00000285942d4480 Implicit null exception at 0x00000285a3806cdf to 0x00000285a3807300
Event: 4.704 Thread 0x00000285942d4480 Exception <a 'java/lang/IncompatibleClassChangeError'{0x0000000705db74b0}: Found class java.lang.Object, but interface was expected> (0x0000000705db74b0) 
thrown [s\open\src\hotspot\share\interpreter\linkResolver.cpp, line 826]
Event: 4.709 Thread 0x00000285942d4480 Implicit null exception at 0x00000285a377913a to 0x00000285a3779340
Event: 4.833 Thread 0x00000285942d4480 Exception <a 'java/lang/NoSuchMethodError'{0x00000007061a0f30}: 'java.lang.Object java.lang.invoke.DirectMethodHandle$Holder.newInvokeSpecial(java.lang.Object, java.lang.Object, int, java.lang.Object, java.lang.Object)'> (0x00000007061a0f30) 
thrown [s\open\src\hotspot\share\interpreter\linkResolver.cpp, line 759]
Event: 4.833 Thread 0x00000285942d4480 Exception <a 'java/lang/NoSuchMethodError'{0x00000007061a5170}: 'java.lang.Object java.lang.invoke.DirectMethodHandle$Holder.invokeSpecial(java.lang.Object, java.lang.Object, java.lang.Object, int, java.lang.Object, java.lang.Object)'> (0x00000007061a5170) 
thrown [s\open\src\hotspot\share\interpreter\linkResolver.cpp, line 759]
Event: 4.834 Thread 0x00000285942d4480 Exception <a 'java/lang/NoSuchMethodError'{0x00000007061ac370}: 'java.lang.Object java.lang.invoke.DirectMethodHandle$Holder.invokeSpecial(java.lang.Object, java.lang.Object, int, java.lang.Object, int, java.lang.Object)'> (0x00000007061ac370) 
thrown [s\open\src\hotspot\share\interpreter\linkResolver.cpp, line 759]
Event: 4.834 Thread 0x00000285942d4480 Exception <a 'java/lang/NoSuchMethodError'{0x00000007061b4178}: 'java.lang.Object java.lang.invoke.DirectMethodHandle$Holder.newInvokeSpecial(java.lang.Object, java.lang.Object, int, java.lang.Object, int)'> (0x00000007061b4178) 
thrown [s\open\src\hotspot\share\interpreter\linkResolver.cpp, line 759]
Event: 4.834 Thread 0x00000285942d4480 Exception <a 'java/lang/NoSuchMethodError'{0x00000007061b8278}: 'java.lang.Object java.lang.invoke.DirectMethodHandle$Holder.invokeSpecial(java.lang.Object, java.lang.Object, java.lang.Object, int, java.lang.Object, int)'> (0x00000007061b8278) 
thrown [s\open\src\hotspot\share\interpreter\linkResolver.cpp, line 759]
Event: 4.924 Thread 0x00000285942d4480 Exception <a 'java/lang/NoSuchMethodError'{0x00000007058d05e0}: 'int java.lang.invoke.DirectMethodHandle$Holder.invokeStatic(java.lang.Object, java.lang.Object, int, int)'> (0x00000007058d05e0) 
thrown [s\open\src\hotspot\share\interpreter\linkResolver.cpp, line 759]
Event: 4.929 Thread 0x00000285942d4480 Exception <a 'java/lang/IncompatibleClassChangeError'{0x0000000705913800}: Found class java.lang.Object, but interface was expected> (0x0000000705913800) 
thrown [s\open\src\hotspot\share\interpreter\linkResolver.cpp, line 826]

VM Operations (20 events):
Event: 4.519 Executing VM operation: CollectForMetadataAllocation
Event: 4.521 Executing VM operation: CollectForMetadataAllocation done
Event: 4.523 Executing VM operation: HandshakeAllThreads
Event: 4.523 Executing VM operation: HandshakeAllThreads done
Event: 4.541 Executing VM operation: G1Concurrent
Event: 4.544 Executing VM operation: G1Concurrent done
Event: 4.549 Executing VM operation: G1Concurrent
Event: 4.549 Executing VM operation: G1Concurrent done
Event: 4.556 Executing VM operation: HandshakeAllThreads
Event: 4.556 Executing VM operation: HandshakeAllThreads done
Event: 4.556 Executing VM operation: HandshakeAllThreads
Event: 4.556 Executing VM operation: HandshakeAllThreads done
Event: 4.654 Executing VM operation: HandshakeAllThreads
Event: 4.654 Executing VM operation: HandshakeAllThreads done
Event: 4.761 Executing VM operation: G1CollectForAllocation
Event: 4.764 Executing VM operation: G1CollectForAllocation done
Event: 4.772 Executing VM operation: G1CollectForAllocation
Event: 4.775 Executing VM operation: G1CollectForAllocation done
Event: 4.886 Executing VM operation: HandshakeAllThreads
Event: 4.887 Executing VM operation: HandshakeAllThreads done

Events (20 events):
Event: 4.853 loading class java/nio/channels/spi/AbstractSelector$1 done
Event: 4.854 Thread 0x0000028581e02ee0 Thread added: 0x0000028581e02ee0
Event: 4.855 loading class java/util/TreeMap$ValueSpliterator
Event: 4.855 loading class java/util/TreeMap$TreeMapSpliterator
Event: 4.855 loading class java/util/TreeMap$TreeMapSpliterator done
Event: 4.855 loading class java/util/TreeMap$ValueSpliterator done
Event: 4.867 loading class jdk/internal/math/FDBigInteger
Event: 4.868 loading class jdk/internal/math/FDBigInteger done
Event: 4.870 loading class java/util/IdentityHashMap$KeySpliterator
Event: 4.870 loading class java/util/IdentityHashMap$IdentityHashMapSpliterator
Event: 4.870 loading class java/util/IdentityHashMap$IdentityHashMapSpliterator done
Event: 4.870 loading class java/util/IdentityHashMap$KeySpliterator done
Event: 4.896 loading class jdk/internal/math/FormattedFloatingDecimal$Form
Event: 4.897 loading class jdk/internal/math/FormattedFloatingDecimal$Form done
Event: 4.897 loading class jdk/internal/math/FormattedFloatingDecimal
Event: 4.897 loading class jdk/internal/math/FormattedFloatingDecimal done
Event: 4.897 loading class jdk/internal/math/FormattedFloatingDecimal$1
Event: 4.897 loading class jdk/internal/math/FormattedFloatingDecimal$1 done
Event: 4.897 loading class jdk/internal/math/FormattedFloatingDecimal$2
Event: 4.897 loading class jdk/internal/math/FormattedFloatingDecimal$2 done


Dynamic libraries:
0x00007ff7b10d0000 - 0x00007ff7b10e0000 	C:\Program Files\Java\jdk-17\bin\java.exe
0x00007ffb4da10000 - 0x00007ffb4dc08000 	C:\Windows\SYSTEM32\ntdll.dll
0x00007ffb4d3a0000 - 0x00007ffb4d45d000 	C:\Windows\System32\KERNEL32.DLL
0x00007ffb4b5a0000 - 0x00007ffb4b896000 	C:\Windows\System32\KERNELBASE.dll
0x00007ffb4b0c0000 - 0x00007ffb4b1c0000 	C:\Windows\System32\ucrtbase.dll
0x00007ffb292d0000 - 0x00007ffb292e9000 	C:\Program Files\Java\jdk-17\bin\jli.dll
0x00007ffb2b420000 - 0x00007ffb2b43b000 	C:\Program Files\Java\jdk-17\bin\VCRUNTIME140.dll
0x00007ffb4c590000 - 0x00007ffb4c640000 	C:\Windows\System32\ADVAPI32.dll
0x00007ffb4c640000 - 0x00007ffb4c6de000 	C:\Windows\System32\msvcrt.dll
0x00007ffb4c740000 - 0x00007ffb4c7e0000 	C:\Windows\System32\sechost.dll
0x00007ffb4c890000 - 0x00007ffb4c9b3000 	C:\Windows\System32\RPCRT4.dll
0x00007ffb4b8a0000 - 0x00007ffb4b8c7000 	C:\Windows\System32\bcrypt.dll
0x00007ffb4ca50000 - 0x00007ffb4cbef000 	C:\Windows\System32\USER32.dll
0x00007ffb4b270000 - 0x00007ffb4b292000 	C:\Windows\System32\win32u.dll
0x00007ffb30120000 - 0x00007ffb303ba000 	C:\Windows\WinSxS\amd64_microsoft.windows.common-controls_6595b64144ccf1df_6.0.19041.3636_none_60b6a03d71f818d5\COMCTL32.dll
0x00007ffb4c3b0000 - 0x00007ffb4c3db000 	C:\Windows\System32\GDI32.dll
0x00007ffb4b8d0000 - 0x00007ffb4b9e7000 	C:\Windows\System32\gdi32full.dll
0x00007ffb4b400000 - 0x00007ffb4b49d000 	C:\Windows\System32\msvcp_win.dll
0x00007ffb45dd0000 - 0x00007ffb45dda000 	C:\Windows\SYSTEM32\VERSION.dll
0x00007ffb4d360000 - 0x00007ffb4d392000 	C:\Windows\System32\IMM32.DLL
0x00007ffb33810000 - 0x00007ffb3381c000 	C:\Program Files\Java\jdk-17\bin\vcruntime140_1.dll
0x00007ffad4510000 - 0x00007ffad459e000 	C:\Program Files\Java\jdk-17\bin\msvcp140.dll
0x00007ffac7ad0000 - 0x00007ffac86ae000 	C:\Program Files\Java\jdk-17\bin\server\jvm.dll
0x00007ffb4c0b0000 - 0x00007ffb4c0b8000 	C:\Windows\System32\PSAPI.DLL
0x00007ffb48810000 - 0x00007ffb48819000 	C:\Windows\SYSTEM32\WSOCK32.dll
0x00007ffb3c980000 - 0x00007ffb3c9a7000 	C:\Windows\SYSTEM32\WINMM.dll
0x00007ffb4d460000 - 0x00007ffb4d4cb000 	C:\Windows\System32\WS2_32.dll
0x00007ffb48f70000 - 0x00007ffb48f82000 	C:\Windows\SYSTEM32\kernel.appcore.dll
0x00007ffb30a20000 - 0x00007ffb30a2a000 	C:\Program Files\Java\jdk-17\bin\jimage.dll
0x00007ffb42230000 - 0x00007ffb42414000 	C:\Windows\SYSTEM32\DBGHELP.DLL
0x00007ffb31e40000 - 0x00007ffb31e74000 	C:\Windows\SYSTEM32\dbgcore.DLL
0x00007ffb4b510000 - 0x00007ffb4b592000 	C:\Windows\System32\bcryptPrimitives.dll
0x00007ffb26db0000 - 0x00007ffb26dd5000 	C:\Program Files\Java\jdk-17\bin\java.dll
0x00007ffac79f0000 - 0x00007ffac7ac7000 	C:\Program Files\Java\jdk-17\bin\jsvml.dll
0x00007ffb4cbf0000 - 0x00007ffb4d35b000 	C:\Windows\System32\SHELL32.dll
0x00007ffb49170000 - 0x00007ffb4990e000 	C:\Windows\SYSTEM32\windows.storage.dll
0x00007ffb4d5a0000 - 0x00007ffb4d8f3000 	C:\Windows\System32\combase.dll
0x00007ffb4aa20000 - 0x00007ffb4aa4e000 	C:\Windows\SYSTEM32\Wldp.dll
0x00007ffb4d4d0000 - 0x00007ffb4d59d000 	C:\Windows\System32\OLEAUT32.dll
0x00007ffb4c7e0000 - 0x00007ffb4c88d000 	C:\Windows\System32\SHCORE.dll
0x00007ffb4c6e0000 - 0x00007ffb4c735000 	C:\Windows\System32\shlwapi.dll
0x00007ffb4aff0000 - 0x00007ffb4b013000 	C:\Windows\SYSTEM32\profapi.dll
0x00007ffb27810000 - 0x00007ffb27829000 	C:\Program Files\Java\jdk-17\bin\net.dll
0x00007ffb41cf0000 - 0x00007ffb41dfa000 	C:\Windows\SYSTEM32\WINHTTP.dll
0x00007ffb4a780000 - 0x00007ffb4a7ea000 	C:\Windows\system32\mswsock.dll
0x00007ffb27310000 - 0x00007ffb27326000 	C:\Program Files\Java\jdk-17\bin\nio.dll
0x00007ffb27130000 - 0x00007ffb27148000 	C:\Program Files\Java\jdk-17\bin\zip.dll
0x00007ffb2f510000 - 0x00007ffb2f51e000 	C:\Program Files\Java\jdk-17\bin\sunmscapi.dll
0x00007ffb4b2a0000 - 0x00007ffb4b3fe000 	C:\Windows\System32\CRYPT32.dll
0x00007ffb4aa90000 - 0x00007ffb4aab8000 	C:\Windows\SYSTEM32\ncrypt.dll
0x00007ffb4aa50000 - 0x00007ffb4aa8b000 	C:\Windows\SYSTEM32\NTASN1.dll
0x00007ffb4a980000 - 0x00007ffb4a998000 	C:\Windows\SYSTEM32\CRYPTSP.dll
0x00007ffb4a0a0000 - 0x00007ffb4a0d4000 	C:\Windows\system32\rsaenh.dll
0x00007ffb4afb0000 - 0x00007ffb4afde000 	C:\Windows\SYSTEM32\USERENV.dll
0x00007ffb4a970000 - 0x00007ffb4a97c000 	C:\Windows\SYSTEM32\CRYPTBASE.dll
0x00007ffb4a460000 - 0x00007ffb4a49b000 	C:\Windows\SYSTEM32\IPHLPAPI.DLL
0x00007ffb4ba50000 - 0x00007ffb4ba58000 	C:\Windows\System32\NSI.dll
0x00007ffb42550000 - 0x00007ffb42567000 	C:\Windows\SYSTEM32\dhcpcsvc6.DLL
0x00007ffb42530000 - 0x00007ffb4254d000 	C:\Windows\SYSTEM32\dhcpcsvc.DLL
0x00007ffb4a4a0000 - 0x00007ffb4a56b000 	C:\Windows\SYSTEM32\DNSAPI.dll
0x00007ffb2f530000 - 0x00007ffb2f53a000 	C:\Program Files\Java\jdk-17\bin\management.dll
0x00007ffb2f520000 - 0x00007ffb2f52b000 	C:\Program Files\Java\jdk-17\bin\management_ext.dll
0x00007ffb2b240000 - 0x00007ffb2b250000 	C:\Program Files\Java\jdk-17\bin\verify.dll
0x00007ffb35120000 - 0x00007ffb35127000 	C:\Windows\system32\wshunix.dll

dbghelp: loaded successfully - version: 4.0.5 - missing functions: none
symbol engine: initialized successfully - sym options: 0x614 - pdb path: .;C:\Program Files\Java\jdk-17\bin;C:\Windows\SYSTEM32;C:\Windows\WinSxS\amd64_microsoft.windows.common-controls_6595b64144ccf1df_6.0.19041.3636_none_60b6a03d71f818d5;C:\Program Files\Java\jdk-17\bin\server

VM Arguments:
jvm_args: -Dfile.encoding=windows-1252 -Duser.country=AR -Duser.language=es -Duser.variant 
java_command: com.example.buensaborback.BuenSaborBackApplication
java_class_path (initial): C:\Users\Usuario\Desktop\ElBuenSabor2\build\classes\java\main;C:\Users\Usuario\Desktop\ElBuenSabor2\build\resources\main;C:\Users\Usuario\.gradle\caches\modules-2\files-2.1\org.springframework.boot\spring-boot-starter-data-jpa\3.2.4\d8c5f393d9b18d96021b3e02d80e4356c5cbe0f7\spring-boot-starter-data-jpa-3.2.4.jar;C:\Users\Usuario\.gradle\caches\modules-2\files-2.1\org.springframework.boot\spring-boot-starter-web\3.2.4\a74df12b71060da7c8e87f9a8c2ef4ea43fc8017\spring-boot-starter-web-3.2.4.jar;C:\Users\Usuario\.gradle\caches\modules-2\files-2.1\com.h2database\h2\2.2.224\7bdade27d8cd197d9b5ce9dc251f41d2edc5f7ad\h2-2.2.224.jar;C:\Users\Usuario\.gradle\caches\modules-2\files-2.1\org.springframework.boot\spring-boot-starter-aop\3.2.4\11aedc0a23c43947608f2122eed08eabe5e2994c\spring-boot-starter-aop-3.2.4.jar;C:\Users\Usuario\.gradle\caches\modules-2\files-2.1\org.springframework.boot\spring-boot-starter-jdbc\3.2.4\7dd399e7ba19d62cae32be6e20edac37ff8fcbc0\spring-boot-starter-jdbc-3.2.4.jar;C:\Users\Usuario\.gradle\caches\modules-2\files-2.1\org.hibernate.orm\hibernate-core\6.4.4.Final\5c9decb3c5a70bf7801d41fc32633416c26be069\hibernate-core-6.4.4.Final.jar;C:\Users\Usuario\.gradle\caches\modules-2\files-2.1\org.springframework.data\spring-data-jpa\3.2.4\1932f90c487999575b57ad41986de96c8ebf5843\spring-data-jpa-3.2.4.jar;C:\Users\Usuario\.gradle\caches\modules-2\files-2.1\org.springframework\spring-aspects\6.1.5\202d9da55e24fec2eda80bbc3cd87fbefc0e1256\spring-aspects-6.1.5.jar;C:\Users\Usuario\.gradle\caches\modules-2\files-2.1\org.springframework.boot\spring-boot-starter-json\3.2.4\ef3f72369ce7f6f7a7b02c0b23e60ef5bdf581b1\spring-boot-starter-json-3.2.4.jar;C:\Users\Usuario\.gradle\caches\modules-2\files-2.1\org.springframework.boot\spring-boot-starter\3.2.4\842cf7f0ed2ecfef3011f3191fc53c59ceed752\spring-boot-starter-3.2.4.jar;C:\Users\Usuario\.gradle\caches\modules-2\files-2.1\org.springframework.boot\spring-boot-starter-tomcat\3.2.4\ffa632eeaaf1a4e
Launcher Type: SUN_STANDARD

[Global flags]
     intx CICompilerCount                          = 4                                         {product} {ergonomic}
     uint ConcGCThreads                            = 3                                         {product} {ergonomic}
     uint G1ConcRefinementThreads                  = 10                                        {product} {ergonomic}
   size_t G1HeapRegionSize                         = 2097152                                   {product} {ergonomic}
    uintx GCDrainStackTargetSize                   = 64                                        {product} {ergonomic}
   size_t InitialHeapSize                          = 266338304                                 {product} {ergonomic}
   size_t MarkStackSize                            = 4194304                                   {product} {ergonomic}
   size_t MaxHeapSize                              = 4261412864                                {product} {ergonomic}
   size_t MaxNewSize                               = 2556428288                                {product} {ergonomic}
   size_t MinHeapDeltaBytes                        = 2097152                                   {product} {ergonomic}
   size_t MinHeapSize                              = 8388608                                   {product} {ergonomic}
    uintx NonNMethodCodeHeapSize                   = 5839372                                {pd product} {ergonomic}
    uintx NonProfiledCodeHeapSize                  = 122909434                              {pd product} {ergonomic}
    uintx ProfiledCodeHeapSize                     = 122909434                              {pd product} {ergonomic}
    uintx ReservedCodeCacheSize                    = 251658240                              {pd product} {ergonomic}
     bool SegmentedCodeCache                       = true                                      {product} {ergonomic}
   size_t SoftMaxHeapSize                          = 4261412864                             {manageable} {ergonomic}
     bool UseCompressedClassPointers               = true                           {product lp64_product} {ergonomic}
     bool UseCompressedOops                        = true                           {product lp64_product} {ergonomic}
     bool UseG1GC                                  = true                                      {product} {ergonomic}
     bool UseLargePagesIndividualAllocation        = false                                  {pd product} {ergonomic}

Logging:
Log output configuration:
 #0: stdout all=warning uptime,level,tags
 #1: stderr all=off uptime,level,tags

Environment Variables:
PATH=C:\Program Files\Common Files\Oracle\Java\javapath;C:\Program Files (x86)\NVIDIA Corporation\PhysX\Common;C:\Program Files (x86)\Common Files\Oracle\Java\javapath;C:\ProgramData\Oracle\Java\javapath;C:\Windows\system32;C:\Windows;C:\Windows\System32\Wbem;C:\Windows\System32\WindowsPowerShell\v1.0\;C:\Windows\System32\OpenSSH\;C:\Program Files\Crucial\Crucial Storage Executive;C:\Program Files\Microsoft SQL Server\150\Tools\Binn\;C:\apache-maven-3.9.1\bin;C:\Program Files\dotnet\;C:\tool\gradle-8.3\bin;C:\Program Files\Microsoft SQL Server\Client SDK\ODBC\170\Tools\Binn\;C:\Program Files\Git\cmd;C:\Program Files\nodejs\;C:\ProgramData\chocolatey\bin;C:\Users\Usuario\.console-ninja\.bin;C:\Users\Usuario\AppData\Local\Microsoft\WindowsApps;C:\Users\Usuario\AppData\Local\Programs\Microsoft VS Code\bin;C:\Users\Usuario\.dotnet\tools;C:\Users\Usuario\AppData\Roaming\npm
USERNAME=Bruno
OS=Windows_NT
PROCESSOR_IDENTIFIER=AMD64 Family 25 Model 80 Stepping 0, AuthenticAMD



---------------  S Y S T E M  ---------------

OS:
 Windows 10 , 64 bit Build 19041 (10.0.19041.3636)
OS uptime: 0 days 9:01 hours

CPU: total 12 (initial active 12) (12 cores per cpu, 2 threads per core) family 25 model 80 stepping 0 microcode 0x0, cx8, cmov, fxsr, ht, mmx, 3dnowpref, sse, sse2, sse3, ssse3, sse4a, sse4.1, sse4.2, popcnt, lzcnt, tsc, tscinvbit, avx, avx2, aes, erms, clmul, bmi1, bmi2, adx, sha, fma, vzeroupper, clflush, clflushopt

Memory: 4k page, system-wide physical 16253M (5904M free)
TotalPageFile size 32637M (AvailPageFile size 5M)
current process WorkingSet (physical memory assigned to process): 286M, peak: 299M
current process commit charge ("private bytes"): 328M, peak: 432M

vm_info: Java HotSpot(TM) 64-Bit Server VM (17.0.8+9-LTS-211) for windows-amd64 JRE (17.0.8+9-LTS-211), built on Jun 14 2023 10:34:31 by "mach5one" with MS VC++ 17.1 (VS2022)

END.
